2025-08-01 11:31:41,021 - INFO - === Silvia Coffee Machine Started ===
2025-08-01 11:31:41,022 - INFO - CMD_RECV: READY
2025-08-01 11:31:41,022 - INFO - CMD_SENT: Received: READY
2025-08-01 11:31:41,022 - INFO - CMD_SENT: System started
2025-08-01 11:31:41,278 - INFO - CMD_RECV: DATA:0,25.0,0.97,0.2,0,0,0,0
2025-08-01 11:31:41,278 - INFO - SENSORS: T=25.0°C P=0.97bar W=0.2g S=IDLE PWM=0
2025-08-01 11:31:41,519 - INFO - CMD_RECV: DATA:0,25.0,0.44,0.6,0,0,0,0
2025-08-01 11:31:41,520 - INFO - SENSORS: T=25.0°C P=0.44bar W=0.6g S=IDLE PWM=0
2025-08-01 11:31:41,774 - INFO - CMD_RECV: DATA:0,25.0,0.17,0.4,0,0,0,0
2025-08-01 11:31:41,781 - INFO - SENSORS: T=25.0°C P=0.17bar W=0.4g S=IDLE PWM=0
2025-08-01 11:31:42,023 - INFO - CMD_RECV: DATA:0,25.0,0.10,-0.5,0,0,0,0
2025-08-01 11:31:42,023 - INFO - SENSORS: T=25.0°C P=0.1bar W=-0.5g S=IDLE PWM=0
2025-08-01 11:31:42,269 - INFO - CMD_RECV: DATA:0,25.0,0.62,0.8,0,0,0,0
2025-08-01 11:31:42,269 - INFO - SENSORS: T=25.0°C P=0.62bar W=0.8g S=IDLE PWM=0
2025-08-01 11:31:42,530 - INFO - CMD_RECV: DATA:0,25.0,0.12,-0.9,0,0,0,0
2025-08-01 11:31:42,531 - INFO - SENSORS: T=25.0°C P=0.12bar W=-0.9g S=IDLE PWM=0
2025-08-01 11:31:42,770 - INFO - CMD_RECV: DATA:0,25.0,0.46,0.9,0,0,0,0
2025-08-01 11:31:42,770 - INFO - SENSORS: T=25.0°C P=0.46bar W=0.9g S=IDLE PWM=0
2025-08-01 11:31:43,024 - INFO - CMD_RECV: DATA:0,25.0,0.78,0.8,0,0,0,0
2025-08-01 11:31:43,025 - INFO - SENSORS: T=25.0°C P=0.78bar W=0.8g S=IDLE PWM=0
2025-08-01 11:31:43,273 - INFO - CMD_RECV: DATA:0,25.0,0.30,-0.7,0,0,0,0
2025-08-01 11:31:43,273 - INFO - SENSORS: T=25.0°C P=0.3bar W=-0.7g S=IDLE PWM=0
2025-08-01 11:31:43,521 - INFO - CMD_RECV: DATA:0,25.0,0.39,0.8,0,0,0,0
2025-08-01 11:31:43,521 - INFO - SENSORS: T=25.0°C P=0.39bar W=0.8g S=IDLE PWM=0
2025-08-01 11:31:43,770 - INFO - CMD_RECV: DATA:0,25.0,0.97,-0.1,0,0,0,0
2025-08-01 11:31:43,770 - INFO - SENSORS: T=25.0°C P=0.97bar W=-0.1g S=IDLE PWM=0
2025-08-01 11:31:44,027 - INFO - CMD_RECV: DATA:0,25.0,0.83,-0.4,0,0,0,0
2025-08-01 11:31:44,027 - INFO - SENSORS: T=25.0°C P=0.83bar W=-0.4g S=IDLE PWM=0
2025-08-01 11:31:44,277 - INFO - CMD_RECV: DATA:0,25.0,0.29,-0.5,0,0,0,0
2025-08-01 11:31:44,277 - INFO - SENSORS: T=25.0°C P=0.29bar W=-0.5g S=IDLE PWM=0
2025-08-01 11:31:44,529 - INFO - CMD_RECV: DATA:0,25.0,0.36,-0.2,0,0,0,0
2025-08-01 11:31:44,529 - INFO - SENSORS: T=25.0°C P=0.36bar W=-0.2g S=IDLE PWM=0
2025-08-01 11:31:44,776 - INFO - CMD_RECV: DATA:0,25.0,0.79,0.8,0,0,0,0
2025-08-01 11:31:44,777 - INFO - SENSORS: T=25.0°C P=0.79bar W=0.8g S=IDLE PWM=0
2025-08-01 11:31:45,026 - INFO - CMD_RECV: DATA:0,25.0,0.52,-1.0,0,0,0,0
2025-08-01 11:31:45,026 - INFO - SENSORS: T=25.0°C P=0.52bar W=-1.0g S=IDLE PWM=0
2025-08-01 11:31:45,276 - INFO - CMD_RECV: DATA:0,25.0,0.87,-0.9,0,0,0,0
2025-08-01 11:31:45,276 - INFO - SENSORS: T=25.0°C P=0.87bar W=-0.9g S=IDLE PWM=0
2025-08-01 11:31:45,526 - INFO - CMD_RECV: DATA:0,25.0,0.79,0.7,0,0,0,0
2025-08-01 11:31:45,526 - INFO - SENSORS: T=25.0°C P=0.79bar W=0.7g S=IDLE PWM=0
2025-08-01 11:31:45,775 - INFO - CMD_RECV: DATA:0,25.0,0.90,-0.2,0,0,0,0
2025-08-01 11:31:45,775 - INFO - SENSORS: T=25.0°C P=0.9bar W=-0.2g S=IDLE PWM=0
2025-08-01 11:31:46,022 - INFO - CMD_RECV: PONG
2025-08-01 11:31:46,022 - INFO - CMD_SENT: Received: PONG
2025-08-01 11:31:46,023 - INFO - CMD_RECV: DATA:0,25.0,0.87,-0.5,0,0,0,0
2025-08-01 11:31:46,023 - INFO - SENSORS: T=25.0°C P=0.87bar W=-0.5g S=IDLE PWM=0
2025-08-01 11:31:46,272 - INFO - CMD_RECV: DATA:0,25.0,0.43,1.0,0,0,0,0
2025-08-01 11:31:46,272 - INFO - SENSORS: T=25.0°C P=0.43bar W=1.0g S=IDLE PWM=0
2025-08-01 11:31:46,522 - INFO - CMD_RECV: DATA:0,25.0,0.66,0.9,0,0,0,0
2025-08-01 11:31:46,522 - INFO - SENSORS: T=25.0°C P=0.66bar W=0.9g S=IDLE PWM=0
2025-08-01 11:31:46,769 - INFO - CMD_RECV: DATA:0,25.0,0.53,0.7,0,0,0,0
2025-08-01 11:31:46,769 - INFO - SENSORS: T=25.0°C P=0.53bar W=0.7g S=IDLE PWM=0
2025-08-01 11:31:47,023 - INFO - CMD_RECV: DATA:0,25.0,0.67,-0.3,0,0,0,0
2025-08-01 11:31:47,024 - INFO - SENSORS: T=25.0°C P=0.67bar W=-0.3g S=IDLE PWM=0
2025-08-01 11:31:47,270 - INFO - CMD_RECV: DATA:0,25.0,0.17,0.7,0,0,0,0
2025-08-01 11:31:47,270 - INFO - SENSORS: T=25.0°C P=0.17bar W=0.7g S=IDLE PWM=0
2025-08-01 11:31:47,522 - INFO - CMD_RECV: DATA:0,25.0,0.57,-0.6,0,0,0,0
2025-08-01 11:31:47,522 - INFO - SENSORS: T=25.0°C P=0.57bar W=-0.6g S=IDLE PWM=0
2025-08-01 11:31:47,773 - INFO - CMD_RECV: DATA:0,25.0,0.37,0.6,0,0,0,0
2025-08-01 11:31:47,773 - INFO - SENSORS: T=25.0°C P=0.37bar W=0.6g S=IDLE PWM=0
2025-08-01 11:31:48,021 - INFO - CMD_RECV: DATA:0,25.0,0.72,-0.5,0,0,0,0
2025-08-01 11:31:48,022 - INFO - SENSORS: T=25.0°C P=0.72bar W=-0.5g S=IDLE PWM=0
2025-08-01 11:31:48,270 - INFO - CMD_RECV: DATA:0,25.0,0.93,0.6,0,0,0,0
2025-08-01 11:31:48,271 - INFO - SENSORS: T=25.0°C P=0.93bar W=0.6g S=IDLE PWM=0
2025-08-01 11:31:48,519 - INFO - CMD_RECV: DATA:0,25.0,0.34,0.5,0,0,0,0
2025-08-01 11:31:48,519 - INFO - SENSORS: T=25.0°C P=0.34bar W=0.5g S=IDLE PWM=0
2025-08-01 11:31:48,768 - INFO - CMD_RECV: DATA:0,25.0,0.36,0.8,0,0,0,0
2025-08-01 11:31:48,768 - INFO - SENSORS: T=25.0°C P=0.36bar W=0.8g S=IDLE PWM=0
2025-08-01 11:31:49,018 - INFO - CMD_RECV: DATA:0,25.0,0.52,0.6,0,0,0,0
2025-08-01 11:31:49,018 - INFO - SENSORS: T=25.0°C P=0.52bar W=0.6g S=IDLE PWM=0
2025-08-01 11:31:49,270 - INFO - CMD_RECV: DATA:0,25.0,0.84,0.6,0,0,0,0
2025-08-01 11:31:49,270 - INFO - SENSORS: T=25.0°C P=0.84bar W=0.6g S=IDLE PWM=0
2025-08-01 11:31:49,518 - INFO - CMD_RECV: DATA:0,25.0,0.06,-0.4,0,0,0,0
2025-08-01 11:31:49,518 - INFO - SENSORS: T=25.0°C P=0.06bar W=-0.4g S=IDLE PWM=0
2025-08-01 11:31:49,779 - INFO - CMD_RECV: DATA:0,25.0,0.75,-0.6,0,0,0,0
2025-08-01 11:31:49,780 - INFO - SENSORS: T=25.0°C P=0.75bar W=-0.6g S=IDLE PWM=0
2025-08-01 11:31:50,026 - INFO - CMD_RECV: DATA:0,25.0,0.56,-0.2,0,0,0,0
2025-08-01 11:31:50,027 - INFO - SENSORS: T=25.0°C P=0.56bar W=-0.2g S=IDLE PWM=0
2025-08-01 11:31:50,277 - INFO - CMD_RECV: DATA:0,25.0,0.88,0.5,0,0,0,0
2025-08-01 11:31:50,278 - INFO - SENSORS: T=25.0°C P=0.88bar W=0.5g S=IDLE PWM=0
2025-08-01 11:31:50,529 - INFO - CMD_RECV: DATA:0,25.0,0.75,0.8,0,0,0,0
2025-08-01 11:31:50,529 - INFO - SENSORS: T=25.0°C P=0.75bar W=0.8g S=IDLE PWM=0
2025-08-01 11:31:50,778 - INFO - CMD_RECV: DATA:0,25.0,0.87,-1.0,0,0,0,0
2025-08-01 11:31:50,778 - INFO - SENSORS: T=25.0°C P=0.87bar W=-1.0g S=IDLE PWM=0
2025-08-01 11:31:51,028 - INFO - CMD_RECV: PONG
2025-08-01 11:31:51,028 - INFO - CMD_SENT: Received: PONG
2025-08-01 11:31:51,029 - INFO - CMD_RECV: DATA:0,25.0,0.24,0.2,0,0,0,0
2025-08-01 11:31:51,029 - INFO - SENSORS: T=25.0°C P=0.24bar W=0.2g S=IDLE PWM=0
2025-08-01 11:31:51,276 - INFO - CMD_RECV: DATA:0,25.0,0.01,-0.8,0,0,0,0
2025-08-01 11:31:51,276 - INFO - SENSORS: T=25.0°C P=0.01bar W=-0.8g S=IDLE PWM=0
2025-08-01 11:31:51,527 - INFO - CMD_RECV: DATA:0,25.0,0.06,-0.4,0,0,0,0
2025-08-01 11:31:51,527 - INFO - SENSORS: T=25.0°C P=0.06bar W=-0.4g S=IDLE PWM=0
2025-08-01 11:31:51,777 - INFO - CMD_RECV: DATA:0,25.0,0.70,1.0,0,0,0,0
2025-08-01 11:31:51,778 - INFO - SENSORS: T=25.0°C P=0.7bar W=1.0g S=IDLE PWM=0
2025-08-01 11:31:52,029 - INFO - CMD_RECV: DATA:0,25.0,0.11,-0.7,0,0,0,0
2025-08-01 11:31:52,029 - INFO - SENSORS: T=25.0°C P=0.11bar W=-0.7g S=IDLE PWM=0
2025-08-01 11:31:52,279 - INFO - CMD_RECV: DATA:0,25.0,0.58,-0.7,0,0,0,0
2025-08-01 11:31:52,280 - INFO - SENSORS: T=25.0°C P=0.58bar W=-0.7g S=IDLE PWM=0
2025-08-01 11:31:52,529 - INFO - CMD_RECV: DATA:0,25.0,0.51,-0.5,0,0,0,0
2025-08-01 11:31:52,529 - INFO - SENSORS: T=25.0°C P=0.51bar W=-0.5g S=IDLE PWM=0
2025-08-01 11:31:52,778 - INFO - CMD_RECV: DATA:0,25.0,0.01,-1.0,0,0,0,0
2025-08-01 11:31:52,778 - INFO - SENSORS: T=25.0°C P=0.01bar W=-1.0g S=IDLE PWM=0
2025-08-01 11:31:53,028 - INFO - CMD_RECV: DATA:0,25.0,0.93,0.1,0,0,0,0
2025-08-01 11:31:53,028 - INFO - SENSORS: T=25.0°C P=0.93bar W=0.1g S=IDLE PWM=0
2025-08-01 11:31:53,281 - INFO - CMD_RECV: DATA:0,25.0,0.01,-0.8,0,0,0,0
2025-08-01 11:31:53,281 - INFO - SENSORS: T=25.0°C P=0.01bar W=-0.8g S=IDLE PWM=0
2025-08-01 11:31:53,530 - INFO - CMD_RECV: DATA:0,25.0,0.47,-0.1,0,0,0,0
2025-08-01 11:31:53,530 - INFO - SENSORS: T=25.0°C P=0.47bar W=-0.1g S=IDLE PWM=0
2025-08-01 11:31:53,780 - INFO - CMD_RECV: DATA:0,25.0,0.46,-0.1,0,0,0,0
2025-08-01 11:31:53,780 - INFO - SENSORS: T=25.0°C P=0.46bar W=-0.1g S=IDLE PWM=0
2025-08-01 11:31:54,034 - INFO - CMD_RECV: DATA:0,25.0,0.81,-0.7,0,0,0,0
2025-08-01 11:31:54,035 - INFO - SENSORS: T=25.0°C P=0.81bar W=-0.7g S=IDLE PWM=0
2025-08-01 11:31:54,297 - INFO - CMD_RECV: DATA:0,25.0,0.89,-0.9,0,0,0,0
2025-08-01 11:31:54,297 - INFO - SENSORS: T=25.0°C P=0.89bar W=-0.9g S=IDLE PWM=0
2025-08-01 11:31:54,545 - INFO - CMD_RECV: DATA:0,25.0,0.70,0.8,0,0,0,0
2025-08-01 11:31:54,545 - INFO - SENSORS: T=25.0°C P=0.7bar W=0.8g S=IDLE PWM=0
2025-08-01 11:31:54,794 - INFO - CMD_RECV: DATA:0,25.0,0.22,-1.0,0,0,0,0
2025-08-01 11:31:54,794 - INFO - SENSORS: T=25.0°C P=0.22bar W=-1.0g S=IDLE PWM=0
2025-08-01 11:31:55,044 - INFO - CMD_RECV: DATA:0,25.0,0.82,-0.5,0,0,0,0
2025-08-01 11:31:55,044 - INFO - SENSORS: T=25.0°C P=0.82bar W=-0.5g S=IDLE PWM=0
2025-08-01 11:31:55,295 - INFO - CMD_RECV: DATA:0,25.0,0.65,-0.6,0,0,0,0
2025-08-01 11:31:55,295 - INFO - SENSORS: T=25.0°C P=0.65bar W=-0.6g S=IDLE PWM=0
2025-08-01 11:31:55,543 - INFO - CMD_RECV: DATA:0,25.0,0.95,0.3,0,0,0,0
2025-08-01 11:31:55,543 - INFO - SENSORS: T=25.0°C P=0.95bar W=0.3g S=IDLE PWM=0
2025-08-01 11:31:55,792 - INFO - CMD_RECV: DATA:0,25.0,0.80,0.9,0,0,0,0
2025-08-01 11:31:55,792 - INFO - SENSORS: T=25.0°C P=0.8bar W=0.9g S=IDLE PWM=0
2025-08-01 11:31:56,027 - INFO - CMD_RECV: PONG
2025-08-01 11:31:56,027 - INFO - CMD_SENT: Received: PONG
2025-08-01 11:31:56,043 - INFO - CMD_RECV: DATA:0,25.0,0.47,0.3,0,0,0,0
2025-08-01 11:31:56,043 - INFO - SENSORS: T=25.0°C P=0.47bar W=0.3g S=IDLE PWM=0
2025-08-01 11:31:56,288 - INFO - CMD_RECV: DATA:0,25.0,0.07,0.1,0,0,0,0
2025-08-01 11:31:56,288 - INFO - SENSORS: T=25.0°C P=0.07bar W=0.1g S=IDLE PWM=0
2025-08-01 11:31:56,537 - INFO - CMD_RECV: DATA:0,25.0,0.15,0.4,0,0,0,0
2025-08-01 11:31:56,537 - INFO - SENSORS: T=25.0°C P=0.15bar W=0.4g S=IDLE PWM=0
2025-08-01 11:31:56,783 - INFO - CMD_RECV: DATA:0,25.0,0.35,0.8,0,0,0,0
2025-08-01 11:31:56,784 - INFO - SENSORS: T=25.0°C P=0.35bar W=0.8g S=IDLE PWM=0
2025-08-01 11:31:57,037 - INFO - CMD_RECV: DATA:0,25.0,0.55,0.1,0,0,0,0
2025-08-01 11:31:57,037 - INFO - SENSORS: T=25.0°C P=0.55bar W=0.1g S=IDLE PWM=0
2025-08-01 11:31:57,288 - INFO - CMD_RECV: DATA:0,25.0,0.20,0.5,0,0,0,0
2025-08-01 11:31:57,288 - INFO - SENSORS: T=25.0°C P=0.2bar W=0.5g S=IDLE PWM=0
2025-08-01 11:31:57,537 - INFO - CMD_RECV: DATA:0,25.0,0.95,0.7,0,0,0,0
2025-08-01 11:31:57,537 - INFO - SENSORS: T=25.0°C P=0.95bar W=0.7g S=IDLE PWM=0
2025-08-01 11:31:57,784 - INFO - CMD_RECV: DATA:0,25.0,0.31,-0.6,0,0,0,0
2025-08-01 11:31:57,784 - INFO - SENSORS: T=25.0°C P=0.31bar W=-0.6g S=IDLE PWM=0
2025-08-01 11:31:58,033 - INFO - CMD_RECV: DATA:0,25.0,0.64,0.6,0,0,0,0
2025-08-01 11:31:58,033 - INFO - SENSORS: T=25.0°C P=0.64bar W=0.6g S=IDLE PWM=0
2025-08-01 11:31:58,294 - INFO - CMD_RECV: DATA:0,25.0,0.03,-1.0,0,0,0,0
2025-08-01 11:31:58,294 - INFO - SENSORS: T=25.0°C P=0.03bar W=-1.0g S=IDLE PWM=0
2025-08-01 11:31:58,545 - INFO - CMD_RECV: DATA:0,25.0,0.78,-1.0,0,0,0,0
2025-08-01 11:31:58,545 - INFO - SENSORS: T=25.0°C P=0.78bar W=-1.0g S=IDLE PWM=0
2025-08-01 11:31:58,793 - INFO - CMD_RECV: DATA:0,25.0,0.12,0.2,0,0,0,0
2025-08-01 11:31:58,793 - INFO - SENSORS: T=25.0°C P=0.12bar W=0.2g S=IDLE PWM=0
2025-08-01 11:31:59,033 - INFO - CMD_RECV: DATA:0,25.0,0.50,-0.3,0,0,0,0
2025-08-01 11:31:59,034 - INFO - SENSORS: T=25.0°C P=0.5bar W=-0.3g S=IDLE PWM=0
2025-08-01 11:31:59,211 - CRITICAL - SAFETY: EMERGENCY STOP: Manual emergency stop
2025-08-01 11:31:59,212 - INFO - CMD_RECV: OK:ABORTED
2025-08-01 11:31:59,285 - INFO - CMD_RECV: DATA:0,25.0,0.65,0.6,0,0,0,0
2025-08-01 11:31:59,285 - INFO - SENSORS: T=25.0°C P=0.65bar W=0.6g S=IDLE PWM=0
2025-08-01 11:31:59,537 - INFO - CMD_RECV: DATA:0,25.0,0.24,0.5,0,0,0,0
2025-08-01 11:31:59,537 - INFO - SENSORS: T=25.0°C P=0.24bar W=0.5g S=IDLE PWM=0
2025-08-01 11:31:59,786 - INFO - CMD_RECV: DATA:0,25.0,0.37,0.4,0,0,0,0
2025-08-01 11:31:59,786 - INFO - SENSORS: T=25.0°C P=0.37bar W=0.4g S=IDLE PWM=0
2025-08-01 11:32:00,036 - INFO - CMD_RECV: DATA:0,25.0,0.37,-0.6,0,0,0,0
2025-08-01 11:32:00,036 - INFO - SENSORS: T=25.0°C P=0.37bar W=-0.6g S=IDLE PWM=0
2025-08-01 11:32:00,283 - INFO - CMD_RECV: DATA:0,25.0,0.96,-0.4,0,0,0,0
2025-08-01 11:32:00,284 - INFO - SENSORS: T=25.0°C P=0.96bar W=-0.4g S=IDLE PWM=0
2025-08-01 11:32:00,533 - INFO - CMD_RECV: DATA:0,25.0,0.11,-0.3,0,0,0,0
2025-08-01 11:32:00,533 - INFO - SENSORS: T=25.0°C P=0.11bar W=-0.3g S=IDLE PWM=0
2025-08-01 11:32:00,782 - INFO - CMD_RECV: DATA:0,25.0,0.92,-0.5,0,0,0,0
2025-08-01 11:32:00,783 - INFO - SENSORS: T=25.0°C P=0.92bar W=-0.5g S=IDLE PWM=0
2025-08-01 11:32:01,025 - INFO - CMD_RECV: PONG
2025-08-01 11:32:01,025 - INFO - CMD_SENT: Received: PONG
2025-08-01 11:32:01,033 - INFO - CMD_RECV: DATA:0,25.0,0.22,-0.4,0,0,0,0
2025-08-01 11:32:01,034 - INFO - SENSORS: T=25.0°C P=0.22bar W=-0.4g S=IDLE PWM=0
2025-08-01 11:32:01,293 - INFO - CMD_RECV: DATA:0,25.0,0.32,0.6,0,0,0,0
2025-08-01 11:32:01,293 - INFO - SENSORS: T=25.0°C P=0.32bar W=0.6g S=IDLE PWM=0
2025-08-01 11:32:01,530 - INFO - CMD_SENT: Initiating shutdown
