2025-08-01 11:26:58,602 - INFO - === Silvia Coffee Machine Started ===
2025-08-01 11:26:58,602 - INFO - CMD_RECV: READY
2025-08-01 11:26:58,602 - INFO - CMD_SENT: Received: READY
2025-08-01 11:26:58,602 - INFO - CMD_SENT: System started
2025-08-01 11:26:58,860 - INFO - CMD_RECV: DATA:0,25.0,0.15,0.7,0,0,0,0
2025-08-01 11:26:58,860 - INFO - SENSORS: T=25.0°C P=0.15bar W=0.7g S=IDLE PWM=0
2025-08-01 11:26:59,097 - INFO - CMD_RECV: DATA:0,25.0,0.24,-0.1,0,0,0,0
2025-08-01 11:26:59,097 - INFO - SENSORS: T=25.0°C P=0.24bar W=-0.1g S=IDLE PWM=0
2025-08-01 11:26:59,345 - INFO - CMD_RECV: DATA:0,25.0,0.78,-0.1,0,0,0,0
2025-08-01 11:26:59,347 - INFO - SENSORS: T=25.0°C P=0.78bar W=-0.1g S=IDLE PWM=0
2025-08-01 11:26:59,607 - INFO - CMD_RECV: DATA:0,25.0,0.41,1.0,0,0,0,0
2025-08-01 11:26:59,608 - INFO - SENSORS: T=25.0°C P=0.41bar W=1.0g S=IDLE PWM=0
2025-08-01 11:26:59,857 - INFO - CMD_RECV: DATA:0,25.0,0.46,0.4,0,0,0,0
2025-08-01 11:26:59,858 - INFO - SENSORS: T=25.0°C P=0.46bar W=0.4g S=IDLE PWM=0
2025-08-01 11:27:00,097 - INFO - CMD_RECV: DATA:0,25.0,0.90,0.3,0,0,0,0
2025-08-01 11:27:00,097 - INFO - SENSORS: T=25.0°C P=0.9bar W=0.3g S=IDLE PWM=0
2025-08-01 11:27:00,358 - INFO - CMD_RECV: DATA:0,25.0,0.19,0.2,0,0,0,0
2025-08-01 11:27:00,359 - INFO - SENSORS: T=25.0°C P=0.19bar W=0.2g S=IDLE PWM=0
2025-08-01 11:27:00,608 - INFO - CMD_RECV: DATA:0,25.0,0.08,0.5,0,0,0,0
2025-08-01 11:27:00,608 - INFO - SENSORS: T=25.0°C P=0.08bar W=0.5g S=IDLE PWM=0
2025-08-01 11:27:00,856 - INFO - CMD_RECV: DATA:0,25.0,0.92,0.9,0,0,0,0
2025-08-01 11:27:00,856 - INFO - SENSORS: T=25.0°C P=0.92bar W=0.9g S=IDLE PWM=0
2025-08-01 11:27:01,105 - INFO - CMD_RECV: DATA:0,25.0,0.06,-0.7,0,0,0,0
2025-08-01 11:27:01,105 - INFO - SENSORS: T=25.0°C P=0.06bar W=-0.7g S=IDLE PWM=0
2025-08-01 11:27:01,354 - INFO - CMD_RECV: DATA:0,25.0,0.56,-0.0,0,0,0,0
2025-08-01 11:27:01,354 - INFO - SENSORS: T=25.0°C P=0.56bar W=-0.0g S=IDLE PWM=0
2025-08-01 11:27:01,605 - INFO - CMD_RECV: DATA:0,25.0,0.42,-0.9,0,0,0,0
2025-08-01 11:27:01,606 - INFO - SENSORS: T=25.0°C P=0.42bar W=-0.9g S=IDLE PWM=0
2025-08-01 11:27:01,854 - INFO - CMD_RECV: DATA:0,25.0,0.91,1.0,0,0,0,0
2025-08-01 11:27:01,854 - INFO - SENSORS: T=25.0°C P=0.91bar W=1.0g S=IDLE PWM=0
2025-08-01 11:27:02,103 - INFO - CMD_RECV: DATA:0,25.0,0.09,0.3,0,0,0,0
2025-08-01 11:27:02,103 - INFO - SENSORS: T=25.0°C P=0.09bar W=0.3g S=IDLE PWM=0
2025-08-01 11:27:02,352 - INFO - CMD_RECV: DATA:0,25.0,0.29,-0.6,0,0,0,0
2025-08-01 11:27:02,352 - INFO - SENSORS: T=25.0°C P=0.29bar W=-0.6g S=IDLE PWM=0
2025-08-01 11:27:02,602 - INFO - CMD_RECV: DATA:0,25.0,0.69,-0.9,0,0,0,0
2025-08-01 11:27:02,603 - INFO - SENSORS: T=25.0°C P=0.69bar W=-0.9g S=IDLE PWM=0
2025-08-01 11:27:02,853 - INFO - CMD_RECV: DATA:0,25.0,0.45,-0.9,0,0,0,0
2025-08-01 11:27:02,853 - INFO - SENSORS: T=25.0°C P=0.45bar W=-0.9g S=IDLE PWM=0
2025-08-01 11:27:03,101 - INFO - CMD_RECV: DATA:0,25.0,0.06,-0.6,0,0,0,0
2025-08-01 11:27:03,102 - INFO - SENSORS: T=25.0°C P=0.06bar W=-0.6g S=IDLE PWM=0
2025-08-01 11:27:03,348 - INFO - CMD_RECV: DATA:0,25.0,0.11,-0.5,0,0,0,0
2025-08-01 11:27:03,348 - INFO - SENSORS: T=25.0°C P=0.11bar W=-0.5g S=IDLE PWM=0
2025-08-01 11:27:03,597 - INFO - CMD_RECV: PONG
2025-08-01 11:27:03,597 - INFO - CMD_SENT: Received: PONG
2025-08-01 11:27:03,597 - INFO - CMD_RECV: DATA:0,25.0,0.58,0.4,0,0,0,0
2025-08-01 11:27:03,597 - INFO - SENSORS: T=25.0°C P=0.58bar W=0.4g S=IDLE PWM=0
2025-08-01 11:27:03,846 - INFO - CMD_RECV: DATA:0,25.0,0.88,0.2,0,0,0,0
2025-08-01 11:27:03,846 - INFO - SENSORS: T=25.0°C P=0.88bar W=0.2g S=IDLE PWM=0
2025-08-01 11:27:04,096 - INFO - CMD_RECV: DATA:0,25.0,0.08,-0.4,0,0,0,0
2025-08-01 11:27:04,096 - INFO - SENSORS: T=25.0°C P=0.08bar W=-0.4g S=IDLE PWM=0
2025-08-01 11:27:04,345 - INFO - CMD_RECV: DATA:0,25.0,0.32,-0.6,0,0,0,0
2025-08-01 11:27:04,346 - INFO - SENSORS: T=25.0°C P=0.32bar W=-0.6g S=IDLE PWM=0
2025-08-01 11:27:04,596 - INFO - CMD_RECV: DATA:0,25.0,0.05,0.7,0,0,0,0
2025-08-01 11:27:04,596 - INFO - SENSORS: T=25.0°C P=0.05bar W=0.7g S=IDLE PWM=0
2025-08-01 11:27:04,845 - INFO - CMD_RECV: DATA:0,25.0,0.33,0.9,0,0,0,0
2025-08-01 11:27:04,845 - INFO - SENSORS: T=25.0°C P=0.33bar W=0.9g S=IDLE PWM=0
2025-08-01 11:27:05,100 - INFO - CMD_RECV: DATA:0,25.0,0.75,-0.5,0,0,0,0
2025-08-01 11:27:05,100 - INFO - SENSORS: T=25.0°C P=0.75bar W=-0.5g S=IDLE PWM=0
2025-08-01 11:27:05,352 - INFO - CMD_RECV: DATA:0,25.0,0.83,-0.4,0,0,0,0
2025-08-01 11:27:05,352 - INFO - SENSORS: T=25.0°C P=0.83bar W=-0.4g S=IDLE PWM=0
2025-08-01 11:27:05,599 - INFO - CMD_RECV: DATA:0,25.0,0.83,0.3,0,0,0,0
2025-08-01 11:27:05,599 - INFO - SENSORS: T=25.0°C P=0.83bar W=0.3g S=IDLE PWM=0
2025-08-01 11:27:05,850 - INFO - CMD_RECV: DATA:0,25.0,0.42,-0.3,0,0,0,0
2025-08-01 11:27:05,850 - INFO - SENSORS: T=25.0°C P=0.42bar W=-0.3g S=IDLE PWM=0
2025-08-01 11:27:06,096 - INFO - CMD_RECV: DATA:0,25.0,0.50,-0.6,0,0,0,0
2025-08-01 11:27:06,096 - INFO - SENSORS: T=25.0°C P=0.5bar W=-0.6g S=IDLE PWM=0
2025-08-01 11:27:06,346 - INFO - CMD_RECV: DATA:0,25.0,0.24,0.2,0,0,0,0
2025-08-01 11:27:06,346 - INFO - SENSORS: T=25.0°C P=0.24bar W=0.2g S=IDLE PWM=0
2025-08-01 11:27:06,597 - INFO - CMD_RECV: DATA:0,25.0,0.18,-0.9,0,0,0,0
2025-08-01 11:27:06,597 - INFO - SENSORS: T=25.0°C P=0.18bar W=-0.9g S=IDLE PWM=0
2025-08-01 11:27:06,848 - INFO - CMD_RECV: DATA:0,25.0,0.70,-0.6,0,0,0,0
2025-08-01 11:27:06,848 - INFO - SENSORS: T=25.0°C P=0.7bar W=-0.6g S=IDLE PWM=0
2025-08-01 11:27:07,099 - INFO - CMD_RECV: DATA:0,25.0,0.87,0.5,0,0,0,0
2025-08-01 11:27:07,099 - INFO - SENSORS: T=25.0°C P=0.87bar W=0.5g S=IDLE PWM=0
2025-08-01 11:27:07,349 - INFO - CMD_RECV: DATA:0,25.0,0.58,-0.4,0,0,0,0
2025-08-01 11:27:07,349 - INFO - SENSORS: T=25.0°C P=0.58bar W=-0.4g S=IDLE PWM=0
2025-08-01 11:27:07,603 - INFO - CMD_RECV: DATA:0,25.0,0.74,-0.5,0,0,0,0
2025-08-01 11:27:07,603 - INFO - SENSORS: T=25.0°C P=0.74bar W=-0.5g S=IDLE PWM=0
2025-08-01 11:27:07,846 - INFO - CMD_RECV: DATA:0,25.0,0.19,0.6,0,0,0,0
2025-08-01 11:27:07,846 - INFO - SENSORS: T=25.0°C P=0.19bar W=0.6g S=IDLE PWM=0
2025-08-01 11:27:08,109 - INFO - CMD_RECV: DATA:0,25.0,0.87,0.4,0,0,0,0
2025-08-01 11:27:08,109 - INFO - SENSORS: T=25.0°C P=0.87bar W=0.4g S=IDLE PWM=0
2025-08-01 11:27:08,346 - INFO - CMD_RECV: DATA:0,25.0,0.26,-0.4,0,0,0,0
2025-08-01 11:27:08,347 - INFO - SENSORS: T=25.0°C P=0.26bar W=-0.4g S=IDLE PWM=0
2025-08-01 11:27:08,596 - INFO - CMD_RECV: PONG
2025-08-01 11:27:08,596 - INFO - CMD_SENT: Received: PONG
2025-08-01 11:27:08,596 - INFO - CMD_RECV: DATA:0,25.0,0.40,-0.9,0,0,0,0
2025-08-01 11:27:08,597 - INFO - SENSORS: T=25.0°C P=0.4bar W=-0.9g S=IDLE PWM=0
2025-08-01 11:27:08,846 - INFO - CMD_RECV: DATA:0,25.0,0.33,0.9,0,0,0,0
2025-08-01 11:27:08,846 - INFO - SENSORS: T=25.0°C P=0.33bar W=0.9g S=IDLE PWM=0
2025-08-01 11:27:09,110 - INFO - CMD_RECV: DATA:0,25.0,0.08,0.6,0,0,0,0
2025-08-01 11:27:09,110 - INFO - SENSORS: T=25.0°C P=0.08bar W=0.6g S=IDLE PWM=0
2025-08-01 11:27:09,355 - INFO - CMD_RECV: DATA:0,25.0,0.70,-0.7,0,0,0,0
2025-08-01 11:27:09,355 - INFO - SENSORS: T=25.0°C P=0.7bar W=-0.7g S=IDLE PWM=0
2025-08-01 11:27:09,606 - INFO - CMD_RECV: DATA:0,25.0,0.40,-0.7,0,0,0,0
2025-08-01 11:27:09,606 - INFO - SENSORS: T=25.0°C P=0.4bar W=-0.7g S=IDLE PWM=0
2025-08-01 11:27:09,854 - INFO - CMD_RECV: DATA:0,25.0,0.63,-0.7,0,0,0,0
2025-08-01 11:27:09,854 - INFO - SENSORS: T=25.0°C P=0.63bar W=-0.7g S=IDLE PWM=0
2025-08-01 11:27:10,105 - INFO - CMD_RECV: DATA:0,25.0,0.41,-0.1,0,0,0,0
2025-08-01 11:27:10,106 - INFO - SENSORS: T=25.0°C P=0.41bar W=-0.1g S=IDLE PWM=0
2025-08-01 11:27:10,352 - INFO - CMD_RECV: DATA:0,25.0,0.93,-0.7,0,0,0,0
2025-08-01 11:27:10,353 - INFO - SENSORS: T=25.0°C P=0.93bar W=-0.7g S=IDLE PWM=0
2025-08-01 11:27:10,601 - INFO - CMD_RECV: DATA:0,25.0,0.88,0.2,0,0,0,0
2025-08-01 11:27:10,601 - INFO - SENSORS: T=25.0°C P=0.88bar W=0.2g S=IDLE PWM=0
2025-08-01 11:27:10,851 - INFO - CMD_RECV: DATA:0,25.0,0.48,0.2,0,0,0,0
2025-08-01 11:27:10,851 - INFO - SENSORS: T=25.0°C P=0.48bar W=0.2g S=IDLE PWM=0
2025-08-01 11:27:11,099 - INFO - CMD_RECV: DATA:0,25.0,0.91,0.3,0,0,0,0
2025-08-01 11:27:11,099 - INFO - SENSORS: T=25.0°C P=0.91bar W=0.3g S=IDLE PWM=0
2025-08-01 11:27:11,347 - INFO - CMD_RECV: DATA:0,25.0,0.01,-0.6,0,0,0,0
2025-08-01 11:27:11,348 - INFO - SENSORS: T=25.0°C P=0.01bar W=-0.6g S=IDLE PWM=0
2025-08-01 11:27:11,597 - INFO - CMD_RECV: DATA:0,25.0,0.96,-0.2,0,0,0,0
2025-08-01 11:27:11,597 - INFO - SENSORS: T=25.0°C P=0.96bar W=-0.2g S=IDLE PWM=0
2025-08-01 11:27:11,849 - INFO - CMD_RECV: DATA:0,25.0,0.60,0.6,0,0,0,0
2025-08-01 11:27:11,850 - INFO - SENSORS: T=25.0°C P=0.6bar W=0.6g S=IDLE PWM=0
2025-08-01 11:27:12,110 - INFO - CMD_RECV: DATA:0,25.0,0.11,0.3,0,0,0,0
2025-08-01 11:27:12,111 - INFO - SENSORS: T=25.0°C P=0.11bar W=0.3g S=IDLE PWM=0
2025-08-01 11:27:12,346 - INFO - CMD_RECV: DATA:0,25.0,0.64,0.8,0,0,0,0
2025-08-01 11:27:12,346 - INFO - SENSORS: T=25.0°C P=0.64bar W=0.8g S=IDLE PWM=0
2025-08-01 11:27:12,597 - INFO - CMD_RECV: DATA:0,25.0,0.69,0.1,0,0,0,0
2025-08-01 11:27:12,597 - INFO - SENSORS: T=25.0°C P=0.69bar W=0.1g S=IDLE PWM=0
2025-08-01 11:27:12,846 - INFO - CMD_RECV: DATA:0,25.0,0.72,-1.0,0,0,0,0
2025-08-01 11:27:12,846 - INFO - SENSORS: T=25.0°C P=0.72bar W=-1.0g S=IDLE PWM=0
2025-08-01 11:27:13,100 - INFO - CMD_RECV: DATA:0,25.0,0.77,-0.4,0,0,0,0
2025-08-01 11:27:13,100 - INFO - SENSORS: T=25.0°C P=0.77bar W=-0.4g S=IDLE PWM=0
2025-08-01 11:27:13,349 - INFO - CMD_RECV: DATA:0,25.0,0.91,-0.3,0,0,0,0
2025-08-01 11:27:13,350 - INFO - SENSORS: T=25.0°C P=0.91bar W=-0.3g S=IDLE PWM=0
2025-08-01 11:27:13,596 - INFO - CMD_RECV: PONG
2025-08-01 11:27:13,596 - INFO - CMD_SENT: Received: PONG
2025-08-01 11:27:13,597 - INFO - CMD_RECV: DATA:0,25.0,0.91,0.8,0,0,0,0
2025-08-01 11:27:13,597 - INFO - SENSORS: T=25.0°C P=0.91bar W=0.8g S=IDLE PWM=0
2025-08-01 11:27:13,857 - INFO - CMD_RECV: DATA:0,25.0,0.07,0.6,0,0,0,0
2025-08-01 11:27:13,857 - INFO - SENSORS: T=25.0°C P=0.07bar W=0.6g S=IDLE PWM=0
2025-08-01 11:27:14,107 - INFO - CMD_RECV: DATA:0,25.0,0.74,-0.2,0,0,0,0
2025-08-01 11:27:14,107 - INFO - SENSORS: T=25.0°C P=0.74bar W=-0.2g S=IDLE PWM=0
2025-08-01 11:27:14,360 - INFO - CMD_RECV: DATA:0,25.0,0.36,0.4,0,0,0,0
2025-08-01 11:27:14,361 - INFO - SENSORS: T=25.0°C P=0.36bar W=0.4g S=IDLE PWM=0
2025-08-01 11:27:14,599 - INFO - CMD_RECV: DATA:0,25.0,0.26,-0.9,0,0,0,0
2025-08-01 11:27:14,600 - INFO - SENSORS: T=25.0°C P=0.26bar W=-0.9g S=IDLE PWM=0
2025-08-01 11:27:14,846 - INFO - CMD_RECV: DATA:0,25.0,0.15,0.4,0,0,0,0
2025-08-01 11:27:14,847 - INFO - SENSORS: T=25.0°C P=0.15bar W=0.4g S=IDLE PWM=0
2025-08-01 11:27:15,096 - INFO - CMD_RECV: DATA:0,25.0,0.02,0.1,0,0,0,0
2025-08-01 11:27:15,096 - INFO - SENSORS: T=25.0°C P=0.02bar W=0.1g S=IDLE PWM=0
2025-08-01 11:27:15,290 - INFO - CMD_SENT: Initiating shutdown
