2025-08-01 11:24:48,142 - INFO - === Silvia Coffee Machine Started ===
2025-08-01 11:24:48,143 - INFO - CMD_RECV: READY
2025-08-01 11:24:48,143 - INFO - CMD_SENT: Received: READY
2025-08-01 11:24:48,143 - INFO - CMD_SENT: System started
2025-08-01 11:24:48,398 - INFO - CMD_RECV: DATA:0,25.0,0.28,0.2,0,0,0,0
2025-08-01 11:24:48,398 - INFO - SENSORS: T=25.0°C P=0.28bar W=0.2g S=IDLE PWM=0
2025-08-01 11:24:48,646 - INFO - CMD_RECV: DATA:0,25.0,0.87,0.7,0,0,0,0
2025-08-01 11:24:48,647 - INFO - SENSORS: T=25.0°C P=0.87bar W=0.7g S=IDLE PWM=0
2025-08-01 11:24:48,896 - INFO - CMD_RECV: DATA:0,25.0,0.43,-0.3,0,0,0,0
2025-08-01 11:24:48,896 - INFO - SENSORS: T=25.0°C P=0.43bar W=-0.3g S=IDLE PWM=0
2025-08-01 11:24:49,145 - INFO - CMD_RECV: DATA:0,25.0,0.38,-0.4,0,0,0,0
2025-08-01 11:24:49,145 - INFO - SENSORS: T=25.0°C P=0.38bar W=-0.4g S=IDLE PWM=0
2025-08-01 11:24:49,394 - INFO - CMD_RECV: DATA:0,25.0,0.17,-0.0,0,0,0,0
2025-08-01 11:24:49,394 - INFO - SENSORS: T=25.0°C P=0.17bar W=-0.0g S=IDLE PWM=0
2025-08-01 11:24:49,642 - INFO - CMD_RECV: DATA:0,25.0,0.82,-0.7,0,0,0,0
2025-08-01 11:24:49,643 - INFO - SENSORS: T=25.0°C P=0.82bar W=-0.7g S=IDLE PWM=0
2025-08-01 11:24:49,893 - INFO - CMD_RECV: DATA:0,25.0,0.07,0.2,0,0,0,0
2025-08-01 11:24:49,893 - INFO - SENSORS: T=25.0°C P=0.07bar W=0.2g S=IDLE PWM=0
2025-08-01 11:24:50,157 - INFO - CMD_RECV: DATA:0,25.0,0.96,-0.7,0,0,0,0
2025-08-01 11:24:50,157 - INFO - SENSORS: T=25.0°C P=0.96bar W=-0.7g S=IDLE PWM=0
2025-08-01 11:24:50,404 - INFO - CMD_RECV: DATA:0,25.0,0.28,0.4,0,0,0,0
2025-08-01 11:24:50,404 - INFO - SENSORS: T=25.0°C P=0.28bar W=0.4g S=IDLE PWM=0
2025-08-01 11:24:50,653 - INFO - CMD_RECV: DATA:0,25.0,0.18,0.5,0,0,0,0
2025-08-01 11:24:50,653 - INFO - SENSORS: T=25.0°C P=0.18bar W=0.5g S=IDLE PWM=0
2025-08-01 11:24:50,900 - INFO - CMD_RECV: DATA:0,25.0,0.97,0.8,0,0,0,0
2025-08-01 11:24:50,900 - INFO - SENSORS: T=25.0°C P=0.97bar W=0.8g S=IDLE PWM=0
2025-08-01 11:24:51,150 - INFO - CMD_RECV: DATA:0,25.0,0.50,0.2,0,0,0,0
2025-08-01 11:24:51,151 - INFO - SENSORS: T=25.0°C P=0.5bar W=0.2g S=IDLE PWM=0
2025-08-01 11:24:51,400 - INFO - CMD_RECV: DATA:0,25.0,0.90,0.6,0,0,0,0
2025-08-01 11:24:51,401 - INFO - SENSORS: T=25.0°C P=0.9bar W=0.6g S=IDLE PWM=0
2025-08-01 11:24:51,644 - INFO - CMD_RECV: DATA:0,25.0,0.18,0.5,0,0,0,0
2025-08-01 11:24:51,644 - INFO - SENSORS: T=25.0°C P=0.18bar W=0.5g S=IDLE PWM=0
2025-08-01 11:24:51,893 - INFO - CMD_RECV: DATA:0,25.0,0.01,0.3,0,0,0,0
2025-08-01 11:24:51,893 - INFO - SENSORS: T=25.0°C P=0.01bar W=0.3g S=IDLE PWM=0
2025-08-01 11:24:52,144 - INFO - CMD_RECV: DATA:0,25.0,0.93,0.5,0,0,0,0
2025-08-01 11:24:52,144 - INFO - SENSORS: T=25.0°C P=0.93bar W=0.5g S=IDLE PWM=0
2025-08-01 11:24:52,404 - INFO - CMD_RECV: DATA:0,25.0,0.21,0.6,0,0,0,0
2025-08-01 11:24:52,404 - INFO - SENSORS: T=25.0°C P=0.21bar W=0.6g S=IDLE PWM=0
2025-08-01 11:24:52,656 - INFO - CMD_RECV: DATA:0,25.0,0.18,-0.5,0,0,0,0
2025-08-01 11:24:52,656 - INFO - SENSORS: T=25.0°C P=0.18bar W=-0.5g S=IDLE PWM=0
2025-08-01 11:24:52,892 - INFO - CMD_RECV: DATA:0,25.0,0.58,0.5,0,0,0,0
2025-08-01 11:24:52,892 - INFO - SENSORS: T=25.0°C P=0.58bar W=0.5g S=IDLE PWM=0
2025-08-01 11:24:53,142 - INFO - CMD_RECV: PONG
2025-08-01 11:24:53,142 - INFO - CMD_SENT: Received: PONG
2025-08-01 11:24:53,143 - INFO - CMD_RECV: DATA:0,25.0,0.07,0.5,0,0,0,0
2025-08-01 11:24:53,143 - INFO - SENSORS: T=25.0°C P=0.07bar W=0.5g S=IDLE PWM=0
2025-08-01 11:24:53,392 - INFO - CMD_RECV: DATA:0,25.0,0.52,0.6,0,0,0,0
2025-08-01 11:24:53,393 - INFO - SENSORS: T=25.0°C P=0.52bar W=0.6g S=IDLE PWM=0
2025-08-01 11:24:53,642 - INFO - CMD_RECV: DATA:0,25.0,0.02,-0.4,0,0,0,0
2025-08-01 11:24:53,642 - INFO - SENSORS: T=25.0°C P=0.02bar W=-0.4g S=IDLE PWM=0
2025-08-01 11:24:53,963 - INFO - CMD_RECV: DATA:0,25.0,0.89,0.3,0,0,0,0
2025-08-01 11:24:53,964 - INFO - SENSORS: T=25.0°C P=0.89bar W=0.3g S=IDLE PWM=0
2025-08-01 11:24:54,142 - INFO - CMD_RECV: DATA:0,25.0,0.39,0.0,0,0,0,0
2025-08-01 11:24:54,142 - INFO - SENSORS: T=25.0°C P=0.39bar W=0.0g S=IDLE PWM=0
2025-08-01 11:24:54,406 - INFO - CMD_RECV: DATA:0,25.0,0.05,0.7,0,0,0,0
2025-08-01 11:24:54,406 - INFO - SENSORS: T=25.0°C P=0.05bar W=0.7g S=IDLE PWM=0
2025-08-01 11:24:54,658 - INFO - CMD_RECV: DATA:0,25.0,0.95,0.2,0,0,0,0
2025-08-01 11:24:54,658 - INFO - SENSORS: T=25.0°C P=0.95bar W=0.2g S=IDLE PWM=0
2025-08-01 11:24:54,906 - INFO - CMD_RECV: DATA:0,25.0,0.01,0.4,0,0,0,0
2025-08-01 11:24:54,911 - INFO - SENSORS: T=25.0°C P=0.01bar W=0.4g S=IDLE PWM=0
2025-08-01 11:24:55,154 - INFO - CMD_RECV: DATA:0,25.0,0.06,-0.5,0,0,0,0
2025-08-01 11:24:55,154 - INFO - SENSORS: T=25.0°C P=0.06bar W=-0.5g S=IDLE PWM=0
2025-08-01 11:24:55,404 - INFO - CMD_RECV: DATA:0,25.0,0.81,-0.8,0,0,0,0
2025-08-01 11:24:55,404 - INFO - SENSORS: T=25.0°C P=0.81bar W=-0.8g S=IDLE PWM=0
2025-08-01 11:24:55,653 - INFO - CMD_RECV: DATA:0,25.0,0.83,0.2,0,0,0,0
2025-08-01 11:24:55,653 - INFO - SENSORS: T=25.0°C P=0.83bar W=0.2g S=IDLE PWM=0
2025-08-01 11:24:55,902 - INFO - CMD_RECV: DATA:0,25.0,0.28,-0.1,0,0,0,0
2025-08-01 11:24:55,902 - INFO - SENSORS: T=25.0°C P=0.28bar W=-0.1g S=IDLE PWM=0
2025-08-01 11:24:56,151 - INFO - CMD_RECV: DATA:0,25.0,0.77,0.1,0,0,0,0
2025-08-01 11:24:56,151 - INFO - SENSORS: T=25.0°C P=0.77bar W=0.1g S=IDLE PWM=0
2025-08-01 11:24:56,401 - INFO - CMD_RECV: DATA:0,25.0,0.02,-0.1,0,0,0,0
2025-08-01 11:24:56,401 - INFO - SENSORS: T=25.0°C P=0.02bar W=-0.1g S=IDLE PWM=0
2025-08-01 11:24:56,644 - INFO - CMD_RECV: DATA:0,25.0,0.54,1.0,0,0,0,0
2025-08-01 11:24:56,644 - INFO - SENSORS: T=25.0°C P=0.54bar W=1.0g S=IDLE PWM=0
2025-08-01 11:24:56,897 - INFO - CMD_RECV: DATA:0,25.0,0.87,0.7,0,0,0,0
2025-08-01 11:24:56,897 - INFO - SENSORS: T=25.0°C P=0.87bar W=0.7g S=IDLE PWM=0
2025-08-01 11:24:57,145 - INFO - CMD_RECV: DATA:0,25.0,0.98,-0.0,0,0,0,0
2025-08-01 11:24:57,146 - INFO - SENSORS: T=25.0°C P=0.98bar W=-0.0g S=IDLE PWM=0
2025-08-01 11:24:57,396 - INFO - CMD_RECV: DATA:0,25.0,0.39,-0.7,0,0,0,0
2025-08-01 11:24:57,396 - INFO - SENSORS: T=25.0°C P=0.39bar W=-0.7g S=IDLE PWM=0
2025-08-01 11:24:57,646 - INFO - CMD_RECV: DATA:0,25.0,0.24,0.0,0,0,0,0
2025-08-01 11:24:57,646 - INFO - SENSORS: T=25.0°C P=0.24bar W=0.0g S=IDLE PWM=0
2025-08-01 11:24:57,907 - INFO - CMD_RECV: DATA:0,25.0,0.00,-0.6,0,0,0,0
2025-08-01 11:24:57,907 - INFO - SENSORS: T=25.0°C P=0.0bar W=-0.6g S=IDLE PWM=0
2025-08-01 11:24:58,156 - INFO - CMD_RECV: PONG
2025-08-01 11:24:58,157 - INFO - CMD_SENT: Received: PONG
2025-08-01 11:24:58,157 - INFO - CMD_RECV: DATA:0,25.0,0.70,-0.2,0,0,0,0
2025-08-01 11:24:58,157 - INFO - SENSORS: T=25.0°C P=0.7bar W=-0.2g S=IDLE PWM=0
2025-08-01 11:24:58,404 - INFO - CMD_RECV: DATA:0,25.0,0.66,-0.9,0,0,0,0
2025-08-01 11:24:58,404 - INFO - SENSORS: T=25.0°C P=0.66bar W=-0.9g S=IDLE PWM=0
2025-08-01 11:24:58,656 - INFO - CMD_RECV: DATA:0,25.0,0.97,0.5,0,0,0,0
2025-08-01 11:24:58,656 - INFO - SENSORS: T=25.0°C P=0.97bar W=0.5g S=IDLE PWM=0
2025-08-01 11:24:58,906 - INFO - CMD_RECV: DATA:0,25.0,0.11,0.4,0,0,0,0
2025-08-01 11:24:58,906 - INFO - SENSORS: T=25.0°C P=0.11bar W=0.4g S=IDLE PWM=0
2025-08-01 11:24:59,143 - INFO - CMD_RECV: DATA:0,25.0,0.63,-0.9,0,0,0,0
2025-08-01 11:24:59,143 - INFO - SENSORS: T=25.0°C P=0.63bar W=-0.9g S=IDLE PWM=0
2025-08-01 11:24:59,393 - INFO - CMD_RECV: DATA:0,25.0,0.60,0.3,0,0,0,0
2025-08-01 11:24:59,394 - INFO - SENSORS: T=25.0°C P=0.6bar W=0.3g S=IDLE PWM=0
2025-08-01 11:24:59,656 - INFO - CMD_RECV: DATA:0,25.0,0.95,-1.0,0,0,0,0
2025-08-01 11:24:59,656 - INFO - SENSORS: T=25.0°C P=0.95bar W=-1.0g S=IDLE PWM=0
2025-08-01 11:24:59,904 - INFO - CMD_RECV: DATA:0,25.0,0.92,-0.5,0,0,0,0
2025-08-01 11:24:59,904 - INFO - SENSORS: T=25.0°C P=0.92bar W=-0.5g S=IDLE PWM=0
2025-08-01 11:25:00,154 - INFO - CMD_RECV: DATA:0,25.0,0.04,-0.3,0,0,0,0
2025-08-01 11:25:00,154 - INFO - SENSORS: T=25.0°C P=0.04bar W=-0.3g S=IDLE PWM=0
2025-08-01 11:25:00,404 - INFO - CMD_RECV: DATA:0,25.0,0.52,-0.7,0,0,0,0
2025-08-01 11:25:00,405 - INFO - SENSORS: T=25.0°C P=0.52bar W=-0.7g S=IDLE PWM=0
2025-08-01 11:25:00,653 - INFO - CMD_RECV: DATA:0,25.0,0.17,-0.8,0,0,0,0
2025-08-01 11:25:00,653 - INFO - SENSORS: T=25.0°C P=0.17bar W=-0.8g S=IDLE PWM=0
2025-08-01 11:25:00,904 - INFO - CMD_RECV: DATA:0,25.0,0.78,-0.7,0,0,0,0
2025-08-01 11:25:00,904 - INFO - SENSORS: T=25.0°C P=0.78bar W=-0.7g S=IDLE PWM=0
2025-08-01 11:25:01,155 - INFO - CMD_RECV: DATA:0,25.0,0.66,0.3,0,0,0,0
2025-08-01 11:25:01,155 - INFO - SENSORS: T=25.0°C P=0.66bar W=0.3g S=IDLE PWM=0
2025-08-01 11:25:01,404 - INFO - CMD_RECV: DATA:0,25.0,0.43,0.4,0,0,0,0
2025-08-01 11:25:01,404 - INFO - SENSORS: T=25.0°C P=0.43bar W=0.4g S=IDLE PWM=0
2025-08-01 11:25:01,652 - INFO - CMD_RECV: DATA:0,25.0,0.43,-0.4,0,0,0,0
2025-08-01 11:25:01,652 - INFO - SENSORS: T=25.0°C P=0.43bar W=-0.4g S=IDLE PWM=0
2025-08-01 11:25:01,900 - INFO - CMD_RECV: DATA:0,25.0,0.33,-0.4,0,0,0,0
2025-08-01 11:25:01,901 - INFO - SENSORS: T=25.0°C P=0.33bar W=-0.4g S=IDLE PWM=0
2025-08-01 11:25:02,147 - INFO - CMD_RECV: DATA:0,25.0,0.41,0.3,0,0,0,0
2025-08-01 11:25:02,147 - INFO - SENSORS: T=25.0°C P=0.41bar W=0.3g S=IDLE PWM=0
2025-08-01 11:25:02,397 - INFO - CMD_RECV: DATA:0,25.0,0.11,-0.5,0,0,0,0
2025-08-01 11:25:02,397 - INFO - SENSORS: T=25.0°C P=0.11bar W=-0.5g S=IDLE PWM=0
2025-08-01 11:25:02,646 - INFO - CMD_RECV: DATA:0,25.0,0.67,-0.7,0,0,0,0
2025-08-01 11:25:02,647 - INFO - SENSORS: T=25.0°C P=0.67bar W=-0.7g S=IDLE PWM=0
2025-08-01 11:25:02,897 - INFO - CMD_RECV: DATA:0,25.0,0.45,0.1,0,0,0,0
2025-08-01 11:25:02,897 - INFO - SENSORS: T=25.0°C P=0.45bar W=0.1g S=IDLE PWM=0
2025-08-01 11:25:03,144 - INFO - CMD_RECV: PONG
2025-08-01 11:25:03,144 - INFO - CMD_SENT: Received: PONG
2025-08-01 11:25:03,144 - INFO - CMD_RECV: DATA:0,25.0,0.85,0.0,0,0,0,0
2025-08-01 11:25:03,144 - INFO - SENSORS: T=25.0°C P=0.85bar W=0.0g S=IDLE PWM=0
2025-08-01 11:25:03,397 - INFO - CMD_RECV: DATA:0,25.0,0.94,0.3,0,0,0,0
2025-08-01 11:25:03,397 - INFO - SENSORS: T=25.0°C P=0.94bar W=0.3g S=IDLE PWM=0
2025-08-01 11:25:03,644 - INFO - CMD_RECV: DATA:0,25.0,0.93,-0.9,0,0,0,0
2025-08-01 11:25:03,644 - INFO - SENSORS: T=25.0°C P=0.93bar W=-0.9g S=IDLE PWM=0
2025-08-01 11:25:03,896 - INFO - CMD_RECV: DATA:0,25.0,0.59,0.1,0,0,0,0
2025-08-01 11:25:03,896 - INFO - SENSORS: T=25.0°C P=0.59bar W=0.1g S=IDLE PWM=0
2025-08-01 11:25:04,155 - INFO - CMD_RECV: DATA:0,25.0,0.54,0.1,0,0,0,0
2025-08-01 11:25:04,155 - INFO - SENSORS: T=25.0°C P=0.54bar W=0.1g S=IDLE PWM=0
2025-08-01 11:25:04,403 - INFO - CMD_RECV: DATA:0,25.0,0.23,0.4,0,0,0,0
2025-08-01 11:25:04,403 - INFO - SENSORS: T=25.0°C P=0.23bar W=0.4g S=IDLE PWM=0
2025-08-01 11:25:04,648 - INFO - CMD_RECV: DATA:0,25.0,0.99,0.0,0,0,0,0
2025-08-01 11:25:04,648 - INFO - SENSORS: T=25.0°C P=0.99bar W=0.0g S=IDLE PWM=0
2025-08-01 11:25:04,897 - INFO - CMD_RECV: DATA:0,25.0,0.40,0.0,0,0,0,0
2025-08-01 11:25:04,897 - INFO - SENSORS: T=25.0°C P=0.4bar W=0.0g S=IDLE PWM=0
2025-08-01 11:25:05,147 - INFO - CMD_RECV: DATA:0,25.0,0.71,-0.9,0,0,0,0
2025-08-01 11:25:05,147 - INFO - SENSORS: T=25.0°C P=0.71bar W=-0.9g S=IDLE PWM=0
2025-08-01 11:25:05,397 - INFO - CMD_RECV: DATA:0,25.0,0.99,0.3,0,0,0,0
2025-08-01 11:25:05,398 - INFO - SENSORS: T=25.0°C P=0.99bar W=0.3g S=IDLE PWM=0
2025-08-01 11:25:05,645 - INFO - CMD_RECV: DATA:0,25.0,0.23,0.4,0,0,0,0
2025-08-01 11:25:05,645 - INFO - SENSORS: T=25.0°C P=0.23bar W=0.4g S=IDLE PWM=0
2025-08-01 11:25:05,894 - INFO - CMD_RECV: DATA:0,25.0,0.26,-0.1,0,0,0,0
2025-08-01 11:25:05,895 - INFO - SENSORS: T=25.0°C P=0.26bar W=-0.1g S=IDLE PWM=0
2025-08-01 11:25:06,143 - INFO - CMD_RECV: DATA:0,25.0,0.43,0.5,0,0,0,0
2025-08-01 11:25:06,143 - INFO - SENSORS: T=25.0°C P=0.43bar W=0.5g S=IDLE PWM=0
2025-08-01 11:25:06,392 - INFO - CMD_RECV: DATA:0,25.0,0.64,0.9,0,0,0,0
2025-08-01 11:25:06,393 - INFO - SENSORS: T=25.0°C P=0.64bar W=0.9g S=IDLE PWM=0
2025-08-01 11:25:06,652 - INFO - CMD_RECV: DATA:0,25.0,0.55,0.7,0,0,0,0
2025-08-01 11:25:06,652 - INFO - SENSORS: T=25.0°C P=0.55bar W=0.7g S=IDLE PWM=0
2025-08-01 11:25:06,902 - INFO - CMD_RECV: DATA:0,25.0,0.22,-0.6,0,0,0,0
2025-08-01 11:25:06,902 - INFO - SENSORS: T=25.0°C P=0.22bar W=-0.6g S=IDLE PWM=0
2025-08-01 11:25:07,152 - INFO - CMD_RECV: DATA:0,25.0,0.13,-0.6,0,0,0,0
2025-08-01 11:25:07,152 - INFO - SENSORS: T=25.0°C P=0.13bar W=-0.6g S=IDLE PWM=0
2025-08-01 11:25:07,404 - INFO - CMD_RECV: DATA:0,25.0,0.31,-0.6,0,0,0,0
2025-08-01 11:25:07,404 - INFO - SENSORS: T=25.0°C P=0.31bar W=-0.6g S=IDLE PWM=0
2025-08-01 11:25:07,653 - INFO - CMD_RECV: DATA:0,25.0,0.74,0.5,0,0,0,0
2025-08-01 11:25:07,653 - INFO - SENSORS: T=25.0°C P=0.74bar W=0.5g S=IDLE PWM=0
2025-08-01 11:25:07,900 - INFO - CMD_RECV: DATA:0,25.0,0.32,-0.8,0,0,0,0
2025-08-01 11:25:07,901 - INFO - SENSORS: T=25.0°C P=0.32bar W=-0.8g S=IDLE PWM=0
2025-08-01 11:25:08,148 - INFO - CMD_RECV: PONG
2025-08-01 11:25:08,148 - INFO - CMD_SENT: Received: PONG
2025-08-01 11:25:08,148 - INFO - CMD_RECV: DATA:0,25.0,0.31,-0.6,0,0,0,0
2025-08-01 11:25:08,149 - INFO - SENSORS: T=25.0°C P=0.31bar W=-0.6g S=IDLE PWM=0
2025-08-01 11:25:08,396 - INFO - CMD_RECV: DATA:0,25.0,0.84,1.0,0,0,0,0
2025-08-01 11:25:08,397 - INFO - SENSORS: T=25.0°C P=0.84bar W=1.0g S=IDLE PWM=0
2025-08-01 11:25:08,647 - INFO - CMD_RECV: DATA:0,25.0,0.38,-0.9,0,0,0,0
2025-08-01 11:25:08,647 - INFO - SENSORS: T=25.0°C P=0.38bar W=-0.9g S=IDLE PWM=0
2025-08-01 11:25:08,895 - INFO - CMD_RECV: DATA:0,25.0,0.32,-0.4,0,0,0,0
2025-08-01 11:25:08,895 - INFO - SENSORS: T=25.0°C P=0.32bar W=-0.4g S=IDLE PWM=0
2025-08-01 11:25:09,144 - INFO - CMD_RECV: DATA:0,25.0,0.51,-0.4,0,0,0,0
2025-08-01 11:25:09,144 - INFO - SENSORS: T=25.0°C P=0.51bar W=-0.4g S=IDLE PWM=0
2025-08-01 11:25:09,395 - INFO - CMD_RECV: DATA:0,25.0,0.69,0.2,0,0,0,0
2025-08-01 11:25:09,395 - INFO - SENSORS: T=25.0°C P=0.69bar W=0.2g S=IDLE PWM=0
2025-08-01 11:25:09,642 - INFO - CMD_RECV: DATA:0,25.0,0.94,-0.0,0,0,0,0
2025-08-01 11:25:09,643 - INFO - SENSORS: T=25.0°C P=0.94bar W=-0.0g S=IDLE PWM=0
2025-08-01 11:25:09,903 - INFO - CMD_RECV: DATA:0,25.0,0.94,-0.1,0,0,0,0
2025-08-01 11:25:09,908 - INFO - SENSORS: T=25.0°C P=0.94bar W=-0.1g S=IDLE PWM=0
2025-08-01 11:25:10,151 - INFO - CMD_RECV: DATA:0,25.0,0.67,1.0,0,0,0,0
2025-08-01 11:25:10,152 - INFO - SENSORS: T=25.0°C P=0.67bar W=1.0g S=IDLE PWM=0
2025-08-01 11:25:10,393 - INFO - CMD_RECV: DATA:0,25.0,0.68,-0.5,0,0,0,0
2025-08-01 11:25:10,394 - INFO - SENSORS: T=25.0°C P=0.68bar W=-0.5g S=IDLE PWM=0
2025-08-01 11:25:10,646 - INFO - CMD_RECV: DATA:0,25.0,0.86,-1.0,0,0,0,0
2025-08-01 11:25:10,646 - INFO - SENSORS: T=25.0°C P=0.86bar W=-1.0g S=IDLE PWM=0
2025-08-01 11:25:10,892 - INFO - CMD_RECV: DATA:0,25.0,0.57,-0.9,0,0,0,0
2025-08-01 11:25:10,893 - INFO - SENSORS: T=25.0°C P=0.57bar W=-0.9g S=IDLE PWM=0
2025-08-01 11:25:11,158 - INFO - CMD_RECV: DATA:0,25.0,0.45,0.3,0,0,0,0
2025-08-01 11:25:11,158 - INFO - SENSORS: T=25.0°C P=0.45bar W=0.3g S=IDLE PWM=0
2025-08-01 11:25:11,423 - INFO - CMD_RECV: DATA:0,25.0,0.87,0.7,0,0,0,0
2025-08-01 11:25:11,423 - INFO - SENSORS: T=25.0°C P=0.87bar W=0.7g S=IDLE PWM=0
2025-08-01 11:25:11,671 - INFO - CMD_RECV: DATA:0,25.0,0.22,1.0,0,0,0,0
2025-08-01 11:25:11,672 - INFO - SENSORS: T=25.0°C P=0.22bar W=1.0g S=IDLE PWM=0
2025-08-01 11:25:11,921 - INFO - CMD_RECV: DATA:0,25.0,0.67,-0.3,0,0,0,0
2025-08-01 11:25:11,921 - INFO - SENSORS: T=25.0°C P=0.67bar W=-0.3g S=IDLE PWM=0
2025-08-01 11:25:12,170 - INFO - CMD_RECV: DATA:0,25.0,0.31,0.1,0,0,0,0
2025-08-01 11:25:12,171 - INFO - SENSORS: T=25.0°C P=0.31bar W=0.1g S=IDLE PWM=0
2025-08-01 11:25:12,420 - INFO - CMD_RECV: DATA:0,25.0,0.22,-0.4,0,0,0,0
2025-08-01 11:25:12,420 - INFO - SENSORS: T=25.0°C P=0.22bar W=-0.4g S=IDLE PWM=0
2025-08-01 11:25:12,672 - INFO - CMD_RECV: DATA:0,25.0,0.11,0.3,0,0,0,0
2025-08-01 11:25:12,672 - INFO - SENSORS: T=25.0°C P=0.11bar W=0.3g S=IDLE PWM=0
2025-08-01 11:25:12,920 - INFO - CMD_RECV: DATA:0,25.0,0.66,-0.4,0,0,0,0
2025-08-01 11:25:12,920 - INFO - SENSORS: T=25.0°C P=0.66bar W=-0.4g S=IDLE PWM=0
2025-08-01 11:25:13,154 - INFO - CMD_RECV: PONG
2025-08-01 11:25:13,154 - INFO - CMD_SENT: Received: PONG
2025-08-01 11:25:13,169 - INFO - CMD_RECV: DATA:0,25.0,0.96,-0.1,0,0,0,0
2025-08-01 11:25:13,170 - INFO - SENSORS: T=25.0°C P=0.96bar W=-0.1g S=IDLE PWM=0
2025-08-01 11:25:13,415 - INFO - CMD_RECV: DATA:0,25.0,0.47,0.6,0,0,0,0
2025-08-01 11:25:13,416 - INFO - SENSORS: T=25.0°C P=0.47bar W=0.6g S=IDLE PWM=0
2025-08-01 11:25:13,662 - INFO - CMD_RECV: DATA:0,25.0,0.81,0.8,0,0,0,0
2025-08-01 11:25:13,662 - INFO - SENSORS: T=25.0°C P=0.81bar W=0.8g S=IDLE PWM=0
2025-08-01 11:25:13,911 - INFO - CMD_RECV: DATA:0,25.0,0.50,0.2,0,0,0,0
2025-08-01 11:25:13,911 - INFO - SENSORS: T=25.0°C P=0.5bar W=0.2g S=IDLE PWM=0
2025-08-01 11:25:14,158 - INFO - CMD_RECV: DATA:0,25.0,0.71,0.8,0,0,0,0
2025-08-01 11:25:14,158 - INFO - SENSORS: T=25.0°C P=0.71bar W=0.8g S=IDLE PWM=0
2025-08-01 11:25:14,423 - INFO - CMD_RECV: DATA:0,25.0,0.67,-0.5,0,0,0,0
2025-08-01 11:25:14,423 - INFO - SENSORS: T=25.0°C P=0.67bar W=-0.5g S=IDLE PWM=0
2025-08-01 11:25:14,669 - INFO - CMD_RECV: DATA:0,25.0,0.73,-0.1,0,0,0,0
2025-08-01 11:25:14,669 - INFO - SENSORS: T=25.0°C P=0.73bar W=-0.1g S=IDLE PWM=0
2025-08-01 11:25:14,918 - INFO - CMD_RECV: DATA:0,25.0,0.99,0.6,0,0,0,0
2025-08-01 11:25:14,918 - INFO - SENSORS: T=25.0°C P=0.99bar W=0.6g S=IDLE PWM=0
2025-08-01 11:25:15,167 - INFO - CMD_RECV: DATA:0,25.0,0.87,-0.3,0,0,0,0
2025-08-01 11:25:15,168 - INFO - SENSORS: T=25.0°C P=0.87bar W=-0.3g S=IDLE PWM=0
2025-08-01 11:25:15,416 - INFO - CMD_RECV: DATA:0,25.0,0.83,0.4,0,0,0,0
2025-08-01 11:25:15,417 - INFO - SENSORS: T=25.0°C P=0.83bar W=0.4g S=IDLE PWM=0
2025-08-01 11:25:15,666 - INFO - CMD_RECV: DATA:0,25.0,0.57,0.2,0,0,0,0
2025-08-01 11:25:15,666 - INFO - SENSORS: T=25.0°C P=0.57bar W=0.2g S=IDLE PWM=0
2025-08-01 11:25:15,914 - INFO - CMD_RECV: DATA:0,25.0,0.46,0.6,0,0,0,0
2025-08-01 11:25:15,914 - INFO - SENSORS: T=25.0°C P=0.46bar W=0.6g S=IDLE PWM=0
2025-08-01 11:25:16,163 - INFO - CMD_RECV: DATA:0,25.0,0.28,0.6,0,0,0,0
2025-08-01 11:25:16,163 - INFO - SENSORS: T=25.0°C P=0.28bar W=0.6g S=IDLE PWM=0
2025-08-01 11:25:16,410 - INFO - CMD_RECV: DATA:0,25.0,0.56,0.2,0,0,0,0
2025-08-01 11:25:16,411 - INFO - SENSORS: T=25.0°C P=0.56bar W=0.2g S=IDLE PWM=0
2025-08-01 11:25:16,661 - INFO - CMD_RECV: DATA:0,25.0,0.88,-0.6,0,0,0,0
2025-08-01 11:25:16,662 - INFO - SENSORS: T=25.0°C P=0.88bar W=-0.6g S=IDLE PWM=0
2025-08-01 11:25:16,908 - INFO - CMD_RECV: DATA:0,25.0,0.02,-0.7,0,0,0,0
2025-08-01 11:25:16,908 - INFO - SENSORS: T=25.0°C P=0.02bar W=-0.7g S=IDLE PWM=0
2025-08-01 11:25:17,160 - INFO - CMD_RECV: DATA:0,25.0,0.87,-0.9,0,0,0,0
2025-08-01 11:25:17,160 - INFO - SENSORS: T=25.0°C P=0.87bar W=-0.9g S=IDLE PWM=0
2025-08-01 11:25:17,410 - INFO - CMD_RECV: DATA:0,25.0,0.36,0.0,0,0,0,0
2025-08-01 11:25:17,410 - INFO - SENSORS: T=25.0°C P=0.36bar W=0.0g S=IDLE PWM=0
2025-08-01 11:25:17,657 - INFO - CMD_RECV: DATA:0,25.0,0.98,-0.6,0,0,0,0
2025-08-01 11:25:17,657 - INFO - SENSORS: T=25.0°C P=0.98bar W=-0.6g S=IDLE PWM=0
2025-08-01 11:25:17,908 - INFO - CMD_RECV: DATA:0,25.0,0.49,-0.3,0,0,0,0
2025-08-01 11:25:17,908 - INFO - SENSORS: T=25.0°C P=0.49bar W=-0.3g S=IDLE PWM=0
2025-08-01 11:25:18,143 - INFO - CMD_RECV: PONG
2025-08-01 11:25:18,144 - INFO - CMD_SENT: Received: PONG
2025-08-01 11:25:18,161 - INFO - CMD_RECV: DATA:0,25.0,0.17,-0.5,0,0,0,0
2025-08-01 11:25:18,161 - INFO - SENSORS: T=25.0°C P=0.17bar W=-0.5g S=IDLE PWM=0
2025-08-01 11:25:18,408 - INFO - CMD_RECV: DATA:0,25.0,0.76,-0.8,0,0,0,0
2025-08-01 11:25:18,408 - INFO - SENSORS: T=25.0°C P=0.76bar W=-0.8g S=IDLE PWM=0
2025-08-01 11:25:18,669 - INFO - CMD_RECV: DATA:0,25.0,0.34,0.7,0,0,0,0
2025-08-01 11:25:18,670 - INFO - SENSORS: T=25.0°C P=0.34bar W=0.7g S=IDLE PWM=0
2025-08-01 11:25:18,920 - INFO - CMD_RECV: DATA:0,25.0,0.50,0.4,0,0,0,0
2025-08-01 11:25:18,921 - INFO - SENSORS: T=25.0°C P=0.5bar W=0.4g S=IDLE PWM=0
2025-08-01 11:25:19,170 - INFO - CMD_RECV: DATA:0,25.0,0.03,-0.0,0,0,0,0
2025-08-01 11:25:19,170 - INFO - SENSORS: T=25.0°C P=0.03bar W=-0.0g S=IDLE PWM=0
2025-08-01 11:25:19,418 - INFO - CMD_RECV: DATA:0,25.0,0.68,0.3,0,0,0,0
2025-08-01 11:25:19,418 - INFO - SENSORS: T=25.0°C P=0.68bar W=0.3g S=IDLE PWM=0
2025-08-01 11:25:19,666 - INFO - CMD_RECV: DATA:0,25.0,0.30,0.8,0,0,0,0
2025-08-01 11:25:19,666 - INFO - SENSORS: T=25.0°C P=0.3bar W=0.8g S=IDLE PWM=0
2025-08-01 11:25:19,908 - INFO - CMD_RECV: DATA:0,25.0,0.01,0.6,0,0,0,0
2025-08-01 11:25:19,908 - INFO - SENSORS: T=25.0°C P=0.01bar W=0.6g S=IDLE PWM=0
2025-08-01 11:25:20,159 - INFO - CMD_RECV: DATA:0,25.0,0.16,0.0,0,0,0,0
2025-08-01 11:25:20,159 - INFO - SENSORS: T=25.0°C P=0.16bar W=0.0g S=IDLE PWM=0
2025-08-01 11:25:20,409 - INFO - CMD_RECV: DATA:0,25.0,0.22,-0.2,0,0,0,0
2025-08-01 11:25:20,410 - INFO - SENSORS: T=25.0°C P=0.22bar W=-0.2g S=IDLE PWM=0
2025-08-01 11:25:20,658 - INFO - CMD_RECV: DATA:0,25.0,0.13,0.7,0,0,0,0
2025-08-01 11:25:20,659 - INFO - SENSORS: T=25.0°C P=0.13bar W=0.7g S=IDLE PWM=0
2025-08-01 11:25:20,909 - INFO - CMD_RECV: DATA:0,25.0,0.52,0.5,0,0,0,0
2025-08-01 11:25:20,909 - INFO - SENSORS: T=25.0°C P=0.52bar W=0.5g S=IDLE PWM=0
2025-08-01 11:25:21,163 - INFO - CMD_RECV: DATA:0,25.0,0.48,-0.1,0,0,0,0
2025-08-01 11:25:21,164 - INFO - SENSORS: T=25.0°C P=0.48bar W=-0.1g S=IDLE PWM=0
2025-08-01 11:25:21,419 - INFO - CMD_RECV: DATA:0,25.0,0.49,-0.3,0,0,0,0
2025-08-01 11:25:21,420 - INFO - SENSORS: T=25.0°C P=0.49bar W=-0.3g S=IDLE PWM=0
2025-08-01 11:25:21,667 - INFO - CMD_RECV: DATA:0,25.0,0.11,0.3,0,0,0,0
2025-08-01 11:25:21,667 - INFO - SENSORS: T=25.0°C P=0.11bar W=0.3g S=IDLE PWM=0
2025-08-01 11:25:21,919 - INFO - CMD_RECV: DATA:0,25.0,0.73,-0.3,0,0,0,0
2025-08-01 11:25:21,919 - INFO - SENSORS: T=25.0°C P=0.73bar W=-0.3g S=IDLE PWM=0
2025-08-01 11:25:22,166 - INFO - CMD_RECV: DATA:0,25.0,0.76,-0.2,0,0,0,0
2025-08-01 11:25:22,167 - INFO - SENSORS: T=25.0°C P=0.76bar W=-0.2g S=IDLE PWM=0
2025-08-01 11:25:22,417 - INFO - CMD_RECV: DATA:0,25.0,0.77,0.4,0,0,0,0
2025-08-01 11:25:22,418 - INFO - SENSORS: T=25.0°C P=0.77bar W=0.4g S=IDLE PWM=0
2025-08-01 11:25:22,666 - INFO - CMD_RECV: DATA:0,25.0,1.00,1.0,0,0,0,0
2025-08-01 11:25:22,666 - INFO - SENSORS: T=25.0°C P=1.0bar W=1.0g S=IDLE PWM=0
2025-08-01 11:25:22,914 - INFO - CMD_RECV: DATA:0,25.0,0.46,0.7,0,0,0,0
2025-08-01 11:25:22,914 - INFO - SENSORS: T=25.0°C P=0.46bar W=0.7g S=IDLE PWM=0
2025-08-01 11:25:23,145 - INFO - CMD_RECV: PONG
2025-08-01 11:25:23,146 - INFO - CMD_SENT: Received: PONG
2025-08-01 11:25:23,162 - INFO - CMD_RECV: DATA:0,25.0,0.42,0.9,0,0,0,0
2025-08-01 11:25:23,163 - INFO - SENSORS: T=25.0°C P=0.42bar W=0.9g S=IDLE PWM=0
2025-08-01 11:25:23,412 - INFO - CMD_RECV: DATA:0,25.0,0.69,0.4,0,0,0,0
2025-08-01 11:25:23,412 - INFO - SENSORS: T=25.0°C P=0.69bar W=0.4g S=IDLE PWM=0
2025-08-01 11:25:23,661 - INFO - CMD_RECV: DATA:0,25.0,0.26,0.9,0,0,0,0
2025-08-01 11:25:23,661 - INFO - SENSORS: T=25.0°C P=0.26bar W=0.9g S=IDLE PWM=0
2025-08-01 11:25:23,908 - INFO - CMD_RECV: DATA:0,25.0,0.56,-0.3,0,0,0,0
2025-08-01 11:25:23,908 - INFO - SENSORS: T=25.0°C P=0.56bar W=-0.3g S=IDLE PWM=0
2025-08-01 11:25:24,158 - INFO - CMD_RECV: DATA:0,25.0,0.09,0.7,0,0,0,0
2025-08-01 11:25:24,158 - INFO - SENSORS: T=25.0°C P=0.09bar W=0.7g S=IDLE PWM=0
2025-08-01 11:25:24,419 - INFO - CMD_RECV: DATA:0,25.0,0.59,-0.3,0,0,0,0
2025-08-01 11:25:24,419 - INFO - SENSORS: T=25.0°C P=0.59bar W=-0.3g S=IDLE PWM=0
2025-08-01 11:25:24,658 - INFO - CMD_RECV: DATA:0,25.0,0.73,0.5,0,0,0,0
2025-08-01 11:25:24,658 - INFO - SENSORS: T=25.0°C P=0.73bar W=0.5g S=IDLE PWM=0
2025-08-01 11:25:24,921 - INFO - CMD_RECV: DATA:0,25.0,0.88,-0.8,0,0,0,0
2025-08-01 11:25:24,921 - INFO - SENSORS: T=25.0°C P=0.88bar W=-0.8g S=IDLE PWM=0
2025-08-01 11:25:25,169 - INFO - CMD_RECV: DATA:0,25.0,0.03,0.6,0,0,0,0
2025-08-01 11:25:25,170 - INFO - SENSORS: T=25.0°C P=0.03bar W=0.6g S=IDLE PWM=0
2025-08-01 11:25:25,418 - INFO - CMD_RECV: DATA:0,25.0,0.21,0.8,0,0,0,0
2025-08-01 11:25:25,419 - INFO - SENSORS: T=25.0°C P=0.21bar W=0.8g S=IDLE PWM=0
2025-08-01 11:25:25,669 - INFO - CMD_RECV: DATA:0,25.0,0.01,-0.7,0,0,0,0
2025-08-01 11:25:25,669 - INFO - SENSORS: T=25.0°C P=0.01bar W=-0.7g S=IDLE PWM=0
2025-08-01 11:25:25,920 - INFO - CMD_RECV: DATA:0,25.0,0.45,0.6,0,0,0,0
2025-08-01 11:25:25,920 - INFO - SENSORS: T=25.0°C P=0.45bar W=0.6g S=IDLE PWM=0
2025-08-01 11:25:26,168 - INFO - CMD_RECV: DATA:0,25.0,0.96,0.4,0,0,0,0
2025-08-01 11:25:26,168 - INFO - SENSORS: T=25.0°C P=0.96bar W=0.4g S=IDLE PWM=0
2025-08-01 11:25:26,417 - INFO - CMD_RECV: DATA:0,25.0,0.48,-0.1,0,0,0,0
2025-08-01 11:25:26,417 - INFO - SENSORS: T=25.0°C P=0.48bar W=-0.1g S=IDLE PWM=0
2025-08-01 11:25:26,663 - INFO - CMD_RECV: DATA:0,25.0,0.07,0.5,0,0,0,0
2025-08-01 11:25:26,664 - INFO - SENSORS: T=25.0°C P=0.07bar W=0.5g S=IDLE PWM=0
2025-08-01 11:25:26,913 - INFO - CMD_RECV: DATA:0,25.0,0.27,-0.5,0,0,0,0
2025-08-01 11:25:26,914 - INFO - SENSORS: T=25.0°C P=0.27bar W=-0.5g S=IDLE PWM=0
2025-08-01 11:25:27,164 - INFO - CMD_RECV: DATA:0,25.0,0.48,-0.1,0,0,0,0
2025-08-01 11:25:27,164 - INFO - SENSORS: T=25.0°C P=0.48bar W=-0.1g S=IDLE PWM=0
2025-08-01 11:25:27,407 - INFO - CMD_RECV: DATA:0,25.0,0.83,0.6,0,0,0,0
2025-08-01 11:25:27,407 - INFO - SENSORS: T=25.0°C P=0.83bar W=0.6g S=IDLE PWM=0
2025-08-01 11:25:27,670 - INFO - CMD_RECV: DATA:0,25.0,0.39,-0.8,0,0,0,0
2025-08-01 11:25:27,671 - INFO - SENSORS: T=25.0°C P=0.39bar W=-0.8g S=IDLE PWM=0
2025-08-01 11:25:27,919 - INFO - CMD_RECV: DATA:0,25.0,0.32,0.4,0,0,0,0
2025-08-01 11:25:27,919 - INFO - SENSORS: T=25.0°C P=0.32bar W=0.4g S=IDLE PWM=0
2025-08-01 11:25:28,155 - INFO - CMD_RECV: PONG
2025-08-01 11:25:28,155 - INFO - CMD_SENT: Received: PONG
2025-08-01 11:25:28,170 - INFO - CMD_RECV: DATA:0,25.0,0.11,-0.8,0,0,0,0
2025-08-01 11:25:28,170 - INFO - SENSORS: T=25.0°C P=0.11bar W=-0.8g S=IDLE PWM=0
2025-08-01 11:25:28,419 - INFO - CMD_RECV: DATA:0,25.0,0.70,-0.5,0,0,0,0
2025-08-01 11:25:28,419 - INFO - SENSORS: T=25.0°C P=0.7bar W=-0.5g S=IDLE PWM=0
2025-08-01 11:25:28,667 - INFO - CMD_RECV: DATA:0,25.0,0.11,-1.0,0,0,0,0
2025-08-01 11:25:28,668 - INFO - SENSORS: T=25.0°C P=0.11bar W=-1.0g S=IDLE PWM=0
2025-08-01 11:25:28,913 - INFO - CMD_RECV: DATA:0,25.0,0.33,-0.7,0,0,0,0
2025-08-01 11:25:28,914 - INFO - SENSORS: T=25.0°C P=0.33bar W=-0.7g S=IDLE PWM=0
2025-08-01 11:25:29,162 - INFO - CMD_RECV: DATA:0,25.0,0.88,-0.2,0,0,0,0
2025-08-01 11:25:29,162 - INFO - SENSORS: T=25.0°C P=0.88bar W=-0.2g S=IDLE PWM=0
2025-08-01 11:25:29,410 - INFO - CMD_RECV: DATA:0,25.0,0.50,0.8,0,0,0,0
2025-08-01 11:25:29,410 - INFO - SENSORS: T=25.0°C P=0.5bar W=0.8g S=IDLE PWM=0
2025-08-01 11:25:29,659 - INFO - CMD_RECV: DATA:0,25.0,0.52,-0.7,0,0,0,0
2025-08-01 11:25:29,660 - INFO - SENSORS: T=25.0°C P=0.52bar W=-0.7g S=IDLE PWM=0
2025-08-01 11:25:29,909 - INFO - CMD_RECV: DATA:0,25.0,0.13,0.1,0,0,0,0
2025-08-01 11:25:29,910 - INFO - SENSORS: T=25.0°C P=0.13bar W=0.1g S=IDLE PWM=0
2025-08-01 11:25:30,162 - INFO - CMD_RECV: DATA:0,25.0,0.32,0.1,0,0,0,0
2025-08-01 11:25:30,162 - INFO - SENSORS: T=25.0°C P=0.32bar W=0.1g S=IDLE PWM=0
2025-08-01 11:25:30,410 - INFO - CMD_RECV: DATA:0,25.0,0.19,-0.8,0,0,0,0
2025-08-01 11:25:30,411 - INFO - SENSORS: T=25.0°C P=0.19bar W=-0.8g S=IDLE PWM=0
2025-08-01 11:25:30,658 - INFO - CMD_RECV: DATA:0,25.0,0.14,-0.9,0,0,0,0
2025-08-01 11:25:30,658 - INFO - SENSORS: T=25.0°C P=0.14bar W=-0.9g S=IDLE PWM=0
2025-08-01 11:25:30,929 - INFO - CMD_RECV: DATA:0,25.0,0.59,-0.7,0,0,0,0
2025-08-01 11:25:30,929 - INFO - SENSORS: T=25.0°C P=0.59bar W=-0.7g S=IDLE PWM=0
2025-08-01 11:25:31,163 - INFO - CMD_RECV: DATA:0,25.0,0.41,0.5,0,0,0,0
2025-08-01 11:25:31,163 - INFO - SENSORS: T=25.0°C P=0.41bar W=0.5g S=IDLE PWM=0
2025-08-01 11:25:31,409 - INFO - CMD_RECV: DATA:0,25.0,0.33,0.4,0,0,0,0
2025-08-01 11:25:31,409 - INFO - SENSORS: T=25.0°C P=0.33bar W=0.4g S=IDLE PWM=0
2025-08-01 11:25:31,662 - INFO - CMD_RECV: DATA:0,25.0,0.65,-0.8,0,0,0,0
2025-08-01 11:25:31,662 - INFO - SENSORS: T=25.0°C P=0.65bar W=-0.8g S=IDLE PWM=0
2025-08-01 11:25:31,910 - INFO - CMD_RECV: DATA:0,25.0,0.87,1.0,0,0,0,0
2025-08-01 11:25:31,911 - INFO - SENSORS: T=25.0°C P=0.87bar W=1.0g S=IDLE PWM=0
2025-08-01 11:25:32,161 - INFO - CMD_RECV: DATA:0,25.0,0.70,0.0,0,0,0,0
2025-08-01 11:25:32,161 - INFO - SENSORS: T=25.0°C P=0.7bar W=0.0g S=IDLE PWM=0
2025-08-01 11:25:32,408 - INFO - CMD_RECV: DATA:0,25.0,1.00,-0.3,0,0,0,0
2025-08-01 11:25:32,408 - INFO - SENSORS: T=25.0°C P=1.0bar W=-0.3g S=IDLE PWM=0
2025-08-01 11:25:32,659 - INFO - CMD_RECV: DATA:0,25.0,0.10,0.4,0,0,0,0
2025-08-01 11:25:32,659 - INFO - SENSORS: T=25.0°C P=0.1bar W=0.4g S=IDLE PWM=0
2025-08-01 11:25:32,909 - INFO - CMD_RECV: DATA:0,25.0,0.70,0.3,0,0,0,0
2025-08-01 11:25:32,909 - INFO - SENSORS: T=25.0°C P=0.7bar W=0.3g S=IDLE PWM=0
2025-08-01 11:25:33,153 - INFO - CMD_RECV: PONG
2025-08-01 11:25:33,153 - INFO - CMD_SENT: Received: PONG
2025-08-01 11:25:33,161 - INFO - CMD_RECV: DATA:0,25.0,0.50,-0.0,0,0,0,0
2025-08-01 11:25:33,162 - INFO - SENSORS: T=25.0°C P=0.5bar W=-0.0g S=IDLE PWM=0
2025-08-01 11:25:33,408 - INFO - CMD_RECV: DATA:0,25.0,0.56,-0.2,0,0,0,0
2025-08-01 11:25:33,409 - INFO - SENSORS: T=25.0°C P=0.56bar W=-0.2g S=IDLE PWM=0
2025-08-01 11:25:33,669 - INFO - CMD_RECV: DATA:0,25.0,0.39,-0.7,0,0,0,0
2025-08-01 11:25:33,670 - INFO - SENSORS: T=25.0°C P=0.39bar W=-0.7g S=IDLE PWM=0
2025-08-01 11:25:33,897 - INFO - CMD_SENT: Initiating shutdown
