2025-08-01 11:20:10,908 - INFO - === Silvia Coffee Machine Started ===
2025-08-01 11:20:10,908 - INFO - CMD_RECV: READY
2025-08-01 11:20:10,908 - INFO - CMD_SENT: Received: READY
2025-08-01 11:20:10,909 - INFO - CMD_SENT: System started
2025-08-01 11:20:11,158 - INFO - CMD_RECV: DATA:0,25.0,0.47,-0.4,0,0,0,0
2025-08-01 11:20:11,158 - INFO - SENSORS: T=25.0°C P=0.47bar W=-0.4g S=IDLE PWM=0
2025-08-01 11:20:11,408 - INFO - CMD_RECV: DATA:0,25.0,0.64,0.6,0,0,0,0
2025-08-01 11:20:11,408 - INFO - SENSORS: T=25.0°C P=0.64bar W=0.6g S=IDLE PWM=0
2025-08-01 11:20:11,672 - INFO - CMD_RECV: DATA:0,25.0,0.78,-0.7,0,0,0,0
2025-08-01 11:20:11,678 - INFO - SENSORS: T=25.0°C P=0.78bar W=-0.7g S=IDLE PWM=0
2025-08-01 11:20:11,914 - INFO - CMD_RECV: DATA:0,25.0,0.35,-0.0,0,0,0,0
2025-08-01 11:20:11,914 - INFO - SENSORS: T=25.0°C P=0.35bar W=-0.0g S=IDLE PWM=0
2025-08-01 11:20:12,172 - INFO - CMD_RECV: DATA:0,25.0,0.70,0.6,0,0,0,0
2025-08-01 11:20:12,172 - INFO - SENSORS: T=25.0°C P=0.7bar W=0.6g S=IDLE PWM=0
2025-08-01 11:20:12,409 - INFO - CMD_RECV: DATA:0,25.0,0.17,0.1,0,0,0,0
2025-08-01 11:20:12,409 - INFO - SENSORS: T=25.0°C P=0.17bar W=0.1g S=IDLE PWM=0
2025-08-01 11:20:12,658 - INFO - CMD_RECV: DATA:0,25.0,0.53,-0.4,0,0,0,0
2025-08-01 11:20:12,658 - INFO - SENSORS: T=25.0°C P=0.53bar W=-0.4g S=IDLE PWM=0
2025-08-01 11:20:12,907 - INFO - CMD_RECV: DATA:0,25.0,0.70,-1.0,0,0,0,0
2025-08-01 11:20:12,908 - INFO - SENSORS: T=25.0°C P=0.7bar W=-1.0g S=IDLE PWM=0
2025-08-01 11:20:13,171 - INFO - CMD_RECV: DATA:0,25.0,0.81,-0.6,0,0,0,0
2025-08-01 11:20:13,171 - INFO - SENSORS: T=25.0°C P=0.81bar W=-0.6g S=IDLE PWM=0
2025-08-01 11:20:13,421 - INFO - CMD_RECV: DATA:0,25.0,0.10,-0.8,0,0,0,0
2025-08-01 11:20:13,422 - INFO - SENSORS: T=25.0°C P=0.1bar W=-0.8g S=IDLE PWM=0
2025-08-01 11:20:13,672 - INFO - CMD_RECV: DATA:0,25.0,0.86,0.3,0,0,0,0
2025-08-01 11:20:13,672 - INFO - SENSORS: T=25.0°C P=0.86bar W=0.3g S=IDLE PWM=0
2025-08-01 11:20:13,921 - INFO - CMD_RECV: DATA:0,25.0,0.29,0.0,0,0,0,0
2025-08-01 11:20:13,921 - INFO - SENSORS: T=25.0°C P=0.29bar W=0.0g S=IDLE PWM=0
2025-08-01 11:20:14,174 - INFO - CMD_RECV: DATA:0,25.0,0.65,-0.5,0,0,0,0
2025-08-01 11:20:14,174 - INFO - SENSORS: T=25.0°C P=0.65bar W=-0.5g S=IDLE PWM=0
2025-08-01 11:20:14,426 - INFO - CMD_RECV: DATA:0,25.0,0.26,-0.1,0,0,0,0
2025-08-01 11:20:14,426 - INFO - SENSORS: T=25.0°C P=0.26bar W=-0.1g S=IDLE PWM=0
2025-08-01 11:20:14,676 - INFO - CMD_RECV: DATA:0,25.0,0.31,-0.1,0,0,0,0
2025-08-01 11:20:14,676 - INFO - SENSORS: T=25.0°C P=0.31bar W=-0.1g S=IDLE PWM=0
2025-08-01 11:20:14,926 - INFO - CMD_RECV: DATA:0,25.0,0.54,-0.9,0,0,0,0
2025-08-01 11:20:14,926 - INFO - SENSORS: T=25.0°C P=0.54bar W=-0.9g S=IDLE PWM=0
2025-08-01 11:20:15,174 - INFO - CMD_RECV: DATA:0,25.0,0.57,0.3,0,0,0,0
2025-08-01 11:20:15,175 - INFO - SENSORS: T=25.0°C P=0.57bar W=0.3g S=IDLE PWM=0
2025-08-01 11:20:15,438 - INFO - CMD_RECV: DATA:0,25.0,0.04,-0.5,0,0,0,0
2025-08-01 11:20:15,438 - INFO - SENSORS: T=25.0°C P=0.04bar W=-0.5g S=IDLE PWM=0
2025-08-01 11:20:15,675 - INFO - CMD_RECV: DATA:0,25.0,0.50,0.2,0,0,0,0
2025-08-01 11:20:15,675 - INFO - SENSORS: T=25.0°C P=0.5bar W=0.2g S=IDLE PWM=0
2025-08-01 11:20:15,926 - INFO - CMD_RECV: DATA:0,25.0,0.92,0.4,0,0,0,0
2025-08-01 11:20:15,927 - INFO - SENSORS: T=25.0°C P=0.92bar W=0.4g S=IDLE PWM=0
2025-08-01 11:20:16,175 - INFO - CMD_RECV: DATA:0,25.0,0.15,0.2,0,0,0,0
2025-08-01 11:20:16,175 - INFO - SENSORS: T=25.0°C P=0.15bar W=0.2g S=IDLE PWM=0
2025-08-01 11:20:16,425 - INFO - CMD_RECV: DATA:0,25.0,0.98,0.8,0,0,0,0
2025-08-01 11:20:16,425 - INFO - SENSORS: T=25.0°C P=0.98bar W=0.8g S=IDLE PWM=0
2025-08-01 11:20:16,687 - INFO - CMD_RECV: DATA:0,25.0,0.07,-0.8,0,0,0,0
2025-08-01 11:20:16,687 - INFO - SENSORS: T=25.0°C P=0.07bar W=-0.8g S=IDLE PWM=0
2025-08-01 11:20:16,937 - INFO - CMD_RECV: DATA:0,25.0,0.42,-0.3,0,0,0,0
2025-08-01 11:20:16,937 - INFO - SENSORS: T=25.0°C P=0.42bar W=-0.3g S=IDLE PWM=0
2025-08-01 11:20:17,186 - INFO - CMD_RECV: DATA:0,25.0,0.36,0.2,0,0,0,0
2025-08-01 11:20:17,186 - INFO - SENSORS: T=25.0°C P=0.36bar W=0.2g S=IDLE PWM=0
2025-08-01 11:20:17,436 - INFO - CMD_RECV: DATA:0,25.0,0.80,0.9,0,0,0,0
2025-08-01 11:20:17,436 - INFO - SENSORS: T=25.0°C P=0.8bar W=0.9g S=IDLE PWM=0
2025-08-01 11:20:17,680 - INFO - CMD_RECV: DATA:0,25.0,0.26,0.4,0,0,0,0
2025-08-01 11:20:17,682 - INFO - SENSORS: T=25.0°C P=0.26bar W=0.4g S=IDLE PWM=0
2025-08-01 11:20:17,929 - INFO - CMD_RECV: DATA:0,25.0,0.41,0.4,0,0,0,0
2025-08-01 11:20:17,929 - INFO - SENSORS: T=25.0°C P=0.41bar W=0.4g S=IDLE PWM=0
2025-08-01 11:20:18,182 - INFO - CMD_RECV: DATA:0,25.0,0.37,0.6,0,0,0,0
2025-08-01 11:20:18,182 - INFO - SENSORS: T=25.0°C P=0.37bar W=0.6g S=IDLE PWM=0
2025-08-01 11:20:18,431 - INFO - CMD_RECV: DATA:0,25.0,0.80,-0.3,0,0,0,0
2025-08-01 11:20:18,431 - INFO - SENSORS: T=25.0°C P=0.8bar W=-0.3g S=IDLE PWM=0
2025-08-01 11:20:18,679 - INFO - CMD_RECV: DATA:0,25.0,0.05,0.6,0,0,0,0
2025-08-01 11:20:18,680 - INFO - SENSORS: T=25.0°C P=0.05bar W=0.6g S=IDLE PWM=0
2025-08-01 11:20:18,927 - INFO - CMD_RECV: DATA:0,25.0,0.00,-0.3,0,0,0,0
2025-08-01 11:20:18,928 - INFO - SENSORS: T=25.0°C P=0.0bar W=-0.3g S=IDLE PWM=0
2025-08-01 11:20:19,177 - INFO - CMD_RECV: DATA:0,25.0,0.65,-0.5,0,0,0,0
2025-08-01 11:20:19,177 - INFO - SENSORS: T=25.0°C P=0.65bar W=-0.5g S=IDLE PWM=0
2025-08-01 11:20:19,423 - INFO - CMD_RECV: DATA:0,25.0,0.60,-0.9,0,0,0,0
2025-08-01 11:20:19,423 - INFO - SENSORS: T=25.0°C P=0.6bar W=-0.9g S=IDLE PWM=0
2025-08-01 11:20:19,684 - INFO - CMD_RECV: DATA:0,25.0,0.51,-0.3,0,0,0,0
2025-08-01 11:20:19,684 - INFO - SENSORS: T=25.0°C P=0.51bar W=-0.3g S=IDLE PWM=0
2025-08-01 11:20:19,938 - INFO - CMD_RECV: DATA:0,25.0,0.65,-0.3,0,0,0,0
2025-08-01 11:20:19,938 - INFO - SENSORS: T=25.0°C P=0.65bar W=-0.3g S=IDLE PWM=0
2025-08-01 11:20:19,955 - INFO - CMD_RECV: OK:BREW_TEMP_SET
2025-08-01 11:20:19,955 - INFO - CMD_RECV: OK:STEAM_TEMP_SET
2025-08-01 11:20:19,955 - INFO - CMD_SENT: SET_TEMP BREW 93.0 STEAM 130.0
2025-08-01 11:20:20,176 - INFO - CMD_RECV: DATA:0,25.0,0.32,0.7,0,0,0,0
2025-08-01 11:20:20,176 - INFO - SENSORS: T=25.0°C P=0.32bar W=0.7g S=IDLE PWM=0
2025-08-01 11:20:20,425 - INFO - CMD_RECV: DATA:0,25.0,0.95,-0.4,0,0,0,0
2025-08-01 11:20:20,425 - INFO - SENSORS: T=25.0°C P=0.95bar W=-0.4g S=IDLE PWM=0
2025-08-01 11:20:20,687 - INFO - CMD_RECV: DATA:0,25.0,0.49,-0.4,0,0,0,0
2025-08-01 11:20:20,687 - INFO - SENSORS: T=25.0°C P=0.49bar W=-0.4g S=IDLE PWM=0
2025-08-01 11:20:20,923 - INFO - CMD_RECV: DATA:0,25.0,0.00,0.7,0,0,0,0
2025-08-01 11:20:20,930 - INFO - SENSORS: T=25.0°C P=0.0bar W=0.7g S=IDLE PWM=0
2025-08-01 11:20:21,187 - INFO - CMD_RECV: DATA:0,25.0,0.92,0.0,0,0,0,0
2025-08-01 11:20:21,187 - INFO - SENSORS: T=25.0°C P=0.92bar W=0.0g S=IDLE PWM=0
2025-08-01 11:20:21,436 - INFO - CMD_RECV: DATA:0,25.0,0.01,-0.1,0,0,0,0
2025-08-01 11:20:21,436 - INFO - SENSORS: T=25.0°C P=0.01bar W=-0.1g S=IDLE PWM=0
2025-08-01 11:20:21,686 - INFO - CMD_RECV: DATA:0,25.0,0.20,0.7,0,0,0,0
2025-08-01 11:20:21,686 - INFO - SENSORS: T=25.0°C P=0.2bar W=0.7g S=IDLE PWM=0
2025-08-01 11:20:21,935 - INFO - CMD_RECV: DATA:0,25.0,0.76,-0.1,0,0,0,0
2025-08-01 11:20:21,935 - INFO - SENSORS: T=25.0°C P=0.76bar W=-0.1g S=IDLE PWM=0
2025-08-01 11:20:22,185 - INFO - CMD_RECV: DATA:0,25.0,0.14,-0.4,0,0,0,0
2025-08-01 11:20:22,185 - INFO - SENSORS: T=25.0°C P=0.14bar W=-0.4g S=IDLE PWM=0
2025-08-01 11:20:22,432 - INFO - CMD_RECV: DATA:0,25.0,0.04,-0.9,0,0,0,0
2025-08-01 11:20:22,432 - INFO - SENSORS: T=25.0°C P=0.04bar W=-0.9g S=IDLE PWM=0
2025-08-01 11:20:22,680 - INFO - CMD_RECV: DATA:0,25.0,0.59,-0.7,0,0,0,0
2025-08-01 11:20:22,680 - INFO - SENSORS: T=25.0°C P=0.59bar W=-0.7g S=IDLE PWM=0
2025-08-01 11:20:22,932 - INFO - CMD_RECV: DATA:0,25.0,0.86,0.7,0,0,0,0
2025-08-01 11:20:22,933 - INFO - SENSORS: T=25.0°C P=0.86bar W=0.7g S=IDLE PWM=0
2025-08-01 11:20:23,182 - INFO - CMD_RECV: DATA:0,25.0,0.58,0.8,0,0,0,0
2025-08-01 11:20:23,182 - INFO - SENSORS: T=25.0°C P=0.58bar W=0.8g S=IDLE PWM=0
2025-08-01 11:20:23,431 - INFO - CMD_RECV: DATA:0,25.0,0.19,0.2,0,0,0,0
2025-08-01 11:20:23,431 - INFO - SENSORS: T=25.0°C P=0.19bar W=0.2g S=IDLE PWM=0
2025-08-01 11:20:23,675 - INFO - CMD_RECV: DATA:0,25.0,0.50,0.8,0,0,0,0
2025-08-01 11:20:23,675 - INFO - SENSORS: T=25.0°C P=0.5bar W=0.8g S=IDLE PWM=0
2025-08-01 11:20:23,925 - INFO - CMD_RECV: DATA:0,25.0,0.78,-0.3,0,0,0,0
2025-08-01 11:20:23,926 - INFO - SENSORS: T=25.0°C P=0.78bar W=-0.3g S=IDLE PWM=0
2025-08-01 11:20:24,176 - INFO - CMD_RECV: DATA:0,25.0,0.56,0.1,0,0,0,0
2025-08-01 11:20:24,176 - INFO - SENSORS: T=25.0°C P=0.56bar W=0.1g S=IDLE PWM=0
2025-08-01 11:20:24,434 - INFO - CMD_RECV: DATA:0,25.0,0.98,-0.1,0,0,0,0
2025-08-01 11:20:24,435 - INFO - SENSORS: T=25.0°C P=0.98bar W=-0.1g S=IDLE PWM=0
2025-08-01 11:20:24,685 - INFO - CMD_RECV: DATA:0,25.0,0.74,0.5,0,0,0,0
2025-08-01 11:20:24,686 - INFO - SENSORS: T=25.0°C P=0.74bar W=0.5g S=IDLE PWM=0
2025-08-01 11:20:24,936 - INFO - CMD_RECV: DATA:0,25.0,0.04,-0.5,0,0,0,0
2025-08-01 11:20:24,936 - INFO - SENSORS: T=25.0°C P=0.04bar W=-0.5g S=IDLE PWM=0
2025-08-01 11:20:25,178 - INFO - CMD_RECV: DATA:0,25.0,0.26,0.8,0,0,0,0
2025-08-01 11:20:25,178 - INFO - SENSORS: T=25.0°C P=0.26bar W=0.8g S=IDLE PWM=0
2025-08-01 11:20:25,435 - INFO - CMD_RECV: DATA:0,25.0,0.42,-0.3,0,0,0,0
2025-08-01 11:20:25,435 - INFO - SENSORS: T=25.0°C P=0.42bar W=-0.3g S=IDLE PWM=0
2025-08-01 11:20:25,685 - INFO - CMD_RECV: DATA:0,25.0,0.08,0.8,0,0,0,0
2025-08-01 11:20:25,685 - INFO - SENSORS: T=25.0°C P=0.08bar W=0.8g S=IDLE PWM=0
2025-08-01 11:20:25,935 - INFO - CMD_RECV: DATA:0,25.0,0.33,-0.3,0,0,0,0
2025-08-01 11:20:25,935 - INFO - SENSORS: T=25.0°C P=0.33bar W=-0.3g S=IDLE PWM=0
2025-08-01 11:20:26,176 - INFO - CMD_RECV: DATA:0,25.0,0.65,-0.9,0,0,0,0
2025-08-01 11:20:26,177 - INFO - SENSORS: T=25.0°C P=0.65bar W=-0.9g S=IDLE PWM=0
2025-08-01 11:20:26,435 - INFO - CMD_RECV: DATA:0,25.0,0.86,0.4,0,0,0,0
2025-08-01 11:20:26,435 - INFO - SENSORS: T=25.0°C P=0.86bar W=0.4g S=IDLE PWM=0
2025-08-01 11:20:26,675 - INFO - CMD_RECV: DATA:0,25.0,0.54,0.5,0,0,0,0
2025-08-01 11:20:26,675 - INFO - SENSORS: T=25.0°C P=0.54bar W=0.5g S=IDLE PWM=0
2025-08-01 11:20:26,930 - INFO - CMD_RECV: DATA:0,25.0,0.98,0.2,0,0,0,0
2025-08-01 11:20:26,930 - INFO - SENSORS: T=25.0°C P=0.98bar W=0.2g S=IDLE PWM=0
2025-08-01 11:20:27,175 - INFO - CMD_RECV: DATA:0,25.0,0.08,0.6,0,0,0,0
2025-08-01 11:20:27,175 - INFO - SENSORS: T=25.0°C P=0.08bar W=0.6g S=IDLE PWM=0
2025-08-01 11:20:27,425 - INFO - CMD_RECV: DATA:0,25.0,0.96,0.8,0,0,0,0
2025-08-01 11:20:27,425 - INFO - SENSORS: T=25.0°C P=0.96bar W=0.8g S=IDLE PWM=0
2025-08-01 11:20:27,677 - INFO - CMD_RECV: DATA:0,25.0,0.47,-0.3,0,0,0,0
2025-08-01 11:20:27,678 - INFO - SENSORS: T=25.0°C P=0.47bar W=-0.3g S=IDLE PWM=0
2025-08-01 11:20:27,926 - INFO - CMD_RECV: DATA:0,25.0,0.32,-0.5,0,0,0,0
2025-08-01 11:20:27,926 - INFO - SENSORS: T=25.0°C P=0.32bar W=-0.5g S=IDLE PWM=0
2025-08-01 11:20:28,174 - INFO - CMD_RECV: DATA:0,25.0,0.70,0.0,0,0,0,0
2025-08-01 11:20:28,174 - INFO - SENSORS: T=25.0°C P=0.7bar W=0.0g S=IDLE PWM=0
2025-08-01 11:20:28,440 - INFO - CMD_RECV: DATA:0,25.0,0.65,-0.2,0,0,0,0
2025-08-01 11:20:28,441 - INFO - SENSORS: T=25.0°C P=0.65bar W=-0.2g S=IDLE PWM=0
2025-08-01 11:20:28,704 - INFO - CMD_RECV: DATA:0,25.0,0.52,0.3,0,0,0,0
2025-08-01 11:20:28,704 - INFO - SENSORS: T=25.0°C P=0.52bar W=0.3g S=IDLE PWM=0
2025-08-01 11:20:28,940 - INFO - CMD_RECV: DATA:0,25.0,0.09,0.3,0,0,0,0
2025-08-01 11:20:28,941 - INFO - SENSORS: T=25.0°C P=0.09bar W=0.3g S=IDLE PWM=0
2025-08-01 11:20:29,193 - INFO - CMD_RECV: DATA:0,25.0,0.29,0.7,0,0,0,0
2025-08-01 11:20:29,193 - INFO - SENSORS: T=25.0°C P=0.29bar W=0.7g S=IDLE PWM=0
2025-08-01 11:20:29,439 - INFO - CMD_RECV: DATA:0,25.0,0.33,0.0,0,0,0,0
2025-08-01 11:20:29,440 - INFO - SENSORS: T=25.0°C P=0.33bar W=0.0g S=IDLE PWM=0
2025-08-01 11:20:29,703 - INFO - CMD_RECV: DATA:0,25.0,0.06,-0.7,0,0,0,0
2025-08-01 11:20:29,703 - INFO - SENSORS: T=25.0°C P=0.06bar W=-0.7g S=IDLE PWM=0
2025-08-01 11:20:29,944 - INFO - CMD_RECV: DATA:0,25.0,0.10,0.8,0,0,0,0
2025-08-01 11:20:29,944 - INFO - SENSORS: T=25.0°C P=0.1bar W=0.8g S=IDLE PWM=0
2025-08-01 11:20:30,191 - INFO - CMD_RECV: DATA:0,25.0,0.28,-1.0,0,0,0,0
2025-08-01 11:20:30,191 - INFO - SENSORS: T=25.0°C P=0.28bar W=-1.0g S=IDLE PWM=0
2025-08-01 11:20:30,447 - INFO - CMD_RECV: DATA:0,25.0,0.95,-0.9,0,0,0,0
2025-08-01 11:20:30,447 - INFO - SENSORS: T=25.0°C P=0.95bar W=-0.9g S=IDLE PWM=0
2025-08-01 11:20:30,700 - INFO - CMD_RECV: DATA:0,25.0,0.20,0.5,0,0,0,0
2025-08-01 11:20:30,701 - INFO - SENSORS: T=25.0°C P=0.2bar W=0.5g S=IDLE PWM=0
2025-08-01 11:20:30,951 - INFO - CMD_RECV: DATA:0,25.0,0.32,0.9,0,0,0,0
2025-08-01 11:20:30,952 - INFO - SENSORS: T=25.0°C P=0.32bar W=0.9g S=IDLE PWM=0
2025-08-01 11:20:31,201 - INFO - CMD_RECV: DATA:0,25.0,0.22,0.8,0,0,0,0
2025-08-01 11:20:31,201 - INFO - SENSORS: T=25.0°C P=0.22bar W=0.8g S=IDLE PWM=0
2025-08-01 11:20:31,448 - INFO - CMD_RECV: DATA:0,25.0,0.29,-0.3,0,0,0,0
2025-08-01 11:20:31,448 - INFO - SENSORS: T=25.0°C P=0.29bar W=-0.3g S=IDLE PWM=0
2025-08-01 11:20:31,691 - INFO - CMD_RECV: DATA:0,25.0,0.74,0.1,0,0,0,0
2025-08-01 11:20:31,692 - INFO - SENSORS: T=25.0°C P=0.74bar W=0.1g S=IDLE PWM=0
2025-08-01 11:20:31,940 - INFO - CMD_RECV: DATA:0,25.0,0.45,-0.0,0,0,0,0
2025-08-01 11:20:31,940 - INFO - SENSORS: T=25.0°C P=0.45bar W=-0.0g S=IDLE PWM=0
2025-08-01 11:20:32,198 - INFO - CMD_RECV: DATA:0,25.0,0.12,0.7,0,0,0,0
2025-08-01 11:20:32,199 - INFO - SENSORS: T=25.0°C P=0.12bar W=0.7g S=IDLE PWM=0
2025-08-01 11:20:32,444 - INFO - CMD_RECV: DATA:0,25.0,0.74,-0.5,0,0,0,0
2025-08-01 11:20:32,444 - INFO - SENSORS: T=25.0°C P=0.74bar W=-0.5g S=IDLE PWM=0
2025-08-01 11:20:32,697 - INFO - CMD_RECV: DATA:0,25.0,0.96,0.3,0,0,0,0
2025-08-01 11:20:32,697 - INFO - SENSORS: T=25.0°C P=0.96bar W=0.3g S=IDLE PWM=0
2025-08-01 11:20:32,949 - INFO - CMD_RECV: DATA:0,25.0,0.60,-0.3,0,0,0,0
2025-08-01 11:20:32,949 - INFO - SENSORS: T=25.0°C P=0.6bar W=-0.3g S=IDLE PWM=0
2025-08-01 11:20:33,196 - INFO - CMD_RECV: DATA:0,25.0,0.65,0.6,0,0,0,0
2025-08-01 11:20:33,196 - INFO - SENSORS: T=25.0°C P=0.65bar W=0.6g S=IDLE PWM=0
2025-08-01 11:20:33,443 - INFO - CMD_RECV: DATA:0,25.0,0.36,0.3,0,0,0,0
2025-08-01 11:20:33,443 - INFO - SENSORS: T=25.0°C P=0.36bar W=0.3g S=IDLE PWM=0
2025-08-01 11:20:33,689 - INFO - CMD_RECV: DATA:0,25.0,0.53,0.4,0,0,0,0
2025-08-01 11:20:33,689 - INFO - SENSORS: T=25.0°C P=0.53bar W=0.4g S=IDLE PWM=0
2025-08-01 11:20:33,944 - INFO - CMD_RECV: DATA:0,25.0,0.20,-0.7,0,0,0,0
2025-08-01 11:20:33,944 - INFO - SENSORS: T=25.0°C P=0.2bar W=-0.7g S=IDLE PWM=0
2025-08-01 11:20:34,192 - INFO - CMD_RECV: DATA:0,25.0,0.30,-0.8,0,0,0,0
2025-08-01 11:20:34,193 - INFO - SENSORS: T=25.0°C P=0.3bar W=-0.8g S=IDLE PWM=0
2025-08-01 11:20:34,448 - INFO - CMD_RECV: DATA:0,25.0,0.13,-0.7,0,0,0,0
2025-08-01 11:20:34,449 - INFO - SENSORS: T=25.0°C P=0.13bar W=-0.7g S=IDLE PWM=0
2025-08-01 11:20:34,699 - INFO - CMD_RECV: DATA:0,25.0,0.06,0.9,0,0,0,0
2025-08-01 11:20:34,699 - INFO - SENSORS: T=25.0°C P=0.06bar W=0.9g S=IDLE PWM=0
2025-08-01 11:20:34,945 - INFO - CMD_RECV: DATA:0,25.0,0.66,0.4,0,0,0,0
2025-08-01 11:20:34,945 - INFO - SENSORS: T=25.0°C P=0.66bar W=0.4g S=IDLE PWM=0
2025-08-01 11:20:35,191 - INFO - CMD_RECV: DATA:0,25.0,0.01,0.9,0,0,0,0
2025-08-01 11:20:35,191 - INFO - SENSORS: T=25.0°C P=0.01bar W=0.9g S=IDLE PWM=0
2025-08-01 11:20:35,439 - INFO - CMD_RECV: DATA:0,25.0,0.53,0.4,0,0,0,0
2025-08-01 11:20:35,439 - INFO - SENSORS: T=25.0°C P=0.53bar W=0.4g S=IDLE PWM=0
2025-08-01 11:20:35,689 - INFO - CMD_RECV: DATA:0,25.0,0.20,-0.8,0,0,0,0
2025-08-01 11:20:35,690 - INFO - SENSORS: T=25.0°C P=0.2bar W=-0.8g S=IDLE PWM=0
2025-08-01 11:20:35,939 - INFO - CMD_RECV: DATA:0,25.0,0.81,0.3,0,0,0,0
2025-08-01 11:20:35,939 - INFO - SENSORS: T=25.0°C P=0.81bar W=0.3g S=IDLE PWM=0
2025-08-01 11:20:36,192 - INFO - CMD_RECV: DATA:0,25.0,0.60,0.9,0,0,0,0
2025-08-01 11:20:36,192 - INFO - SENSORS: T=25.0°C P=0.6bar W=0.9g S=IDLE PWM=0
2025-08-01 11:20:36,234 - INFO - CMD_SENT: Initiating shutdown
