2025-08-01 11:28:46,250 - INFO - === Silvia Coffee Machine Started ===
2025-08-01 11:28:46,250 - INFO - CMD_RECV: READY
2025-08-01 11:28:46,250 - INFO - CMD_SENT: Received: READY
2025-08-01 11:28:46,250 - INFO - CMD_SENT: System started
2025-08-01 11:28:46,491 - INFO - CMD_RECV: DATA:0,25.0,0.96,0.4,0,0,0,0
2025-08-01 11:28:46,491 - INFO - SENSORS: T=25.0°C P=0.96bar W=0.4g S=IDLE PWM=0
2025-08-01 11:28:46,737 - INFO - CMD_RECV: DATA:0,25.0,0.98,0.7,0,0,0,0
2025-08-01 11:28:46,737 - INFO - SENSORS: T=25.0°C P=0.98bar W=0.7g S=IDLE PWM=0
2025-08-01 11:28:46,992 - INFO - CMD_RECV: DATA:0,25.0,0.84,0.6,0,0,0,0
2025-08-01 11:28:46,993 - INFO - SENSORS: T=25.0°C P=0.84bar W=0.6g S=IDLE PWM=0
2025-08-01 11:28:47,240 - INFO - CMD_RECV: DATA:0,25.0,0.83,0.9,0,0,0,0
2025-08-01 11:28:47,241 - INFO - SENSORS: T=25.0°C P=0.83bar W=0.9g S=IDLE PWM=0
2025-08-01 11:28:47,491 - INFO - CMD_RECV: DATA:0,25.0,0.51,-0.9,0,0,0,0
2025-08-01 11:28:47,491 - INFO - SENSORS: T=25.0°C P=0.51bar W=-0.9g S=IDLE PWM=0
2025-08-01 11:28:47,740 - INFO - CMD_RECV: DATA:0,25.0,0.86,-0.7,0,0,0,0
2025-08-01 11:28:47,740 - INFO - SENSORS: T=25.0°C P=0.86bar W=-0.7g S=IDLE PWM=0
2025-08-01 11:28:47,990 - INFO - CMD_RECV: DATA:0,25.0,0.76,0.2,0,0,0,0
2025-08-01 11:28:47,990 - INFO - SENSORS: T=25.0°C P=0.76bar W=0.2g S=IDLE PWM=0
2025-08-01 11:28:48,239 - INFO - CMD_RECV: DATA:0,25.0,0.19,0.3,0,0,0,0
2025-08-01 11:28:48,239 - INFO - SENSORS: T=25.0°C P=0.19bar W=0.3g S=IDLE PWM=0
2025-08-01 11:28:48,486 - INFO - CMD_RECV: DATA:0,25.0,0.05,-0.5,0,0,0,0
2025-08-01 11:28:48,486 - INFO - SENSORS: T=25.0°C P=0.05bar W=-0.5g S=IDLE PWM=0
2025-08-01 11:28:48,738 - INFO - CMD_RECV: DATA:0,25.0,0.78,-0.6,0,0,0,0
2025-08-01 11:28:48,738 - INFO - SENSORS: T=25.0°C P=0.78bar W=-0.6g S=IDLE PWM=0
2025-08-01 11:28:48,990 - INFO - CMD_RECV: DATA:0,25.0,0.02,-0.8,0,0,0,0
2025-08-01 11:28:48,991 - INFO - SENSORS: T=25.0°C P=0.02bar W=-0.8g S=IDLE PWM=0
2025-08-01 11:28:49,239 - INFO - CMD_RECV: DATA:0,25.0,0.23,-0.3,0,0,0,0
2025-08-01 11:28:49,239 - INFO - SENSORS: T=25.0°C P=0.23bar W=-0.3g S=IDLE PWM=0
2025-08-01 11:28:49,501 - INFO - CMD_RECV: DATA:0,25.0,0.35,0.8,0,0,0,0
2025-08-01 11:28:49,501 - INFO - SENSORS: T=25.0°C P=0.35bar W=0.8g S=IDLE PWM=0
2025-08-01 11:28:49,749 - INFO - CMD_RECV: DATA:0,25.0,0.77,0.6,0,0,0,0
2025-08-01 11:28:49,749 - INFO - SENSORS: T=25.0°C P=0.77bar W=0.6g S=IDLE PWM=0
2025-08-01 11:28:49,999 - INFO - CMD_RECV: DATA:0,25.0,0.81,0.3,0,0,0,0
2025-08-01 11:28:49,999 - INFO - SENSORS: T=25.0°C P=0.81bar W=0.3g S=IDLE PWM=0
2025-08-01 11:28:50,249 - INFO - CMD_RECV: DATA:0,25.0,0.63,0.0,0,0,0,0
2025-08-01 11:28:50,250 - INFO - SENSORS: T=25.0°C P=0.63bar W=0.0g S=IDLE PWM=0
2025-08-01 11:28:50,498 - INFO - CMD_RECV: DATA:0,25.0,0.11,1.0,0,0,0,0
2025-08-01 11:28:50,499 - INFO - SENSORS: T=25.0°C P=0.11bar W=1.0g S=IDLE PWM=0
2025-08-01 11:28:50,750 - INFO - CMD_RECV: DATA:0,25.0,0.53,-0.8,0,0,0,0
2025-08-01 11:28:50,750 - INFO - SENSORS: T=25.0°C P=0.53bar W=-0.8g S=IDLE PWM=0
2025-08-01 11:28:51,000 - INFO - CMD_RECV: DATA:0,25.0,0.03,-0.3,0,0,0,0
2025-08-01 11:28:51,001 - INFO - SENSORS: T=25.0°C P=0.03bar W=-0.3g S=IDLE PWM=0
2025-08-01 11:28:51,247 - INFO - CMD_RECV: PONG
2025-08-01 11:28:51,247 - INFO - CMD_SENT: Received: PONG
2025-08-01 11:28:51,247 - INFO - CMD_RECV: DATA:0,25.0,0.76,-0.0,0,0,0,0
2025-08-01 11:28:51,248 - INFO - SENSORS: T=25.0°C P=0.76bar W=-0.0g S=IDLE PWM=0
2025-08-01 11:28:51,496 - INFO - CMD_RECV: DATA:0,25.0,0.18,-0.2,0,0,0,0
2025-08-01 11:28:51,496 - INFO - SENSORS: T=25.0°C P=0.18bar W=-0.2g S=IDLE PWM=0
2025-08-01 11:28:51,744 - INFO - CMD_RECV: DATA:0,25.0,0.02,0.7,0,0,0,0
2025-08-01 11:28:51,744 - INFO - SENSORS: T=25.0°C P=0.02bar W=0.7g S=IDLE PWM=0
2025-08-01 11:28:51,994 - INFO - CMD_RECV: DATA:0,25.0,0.16,0.4,0,0,0,0
2025-08-01 11:28:51,994 - INFO - SENSORS: T=25.0°C P=0.16bar W=0.4g S=IDLE PWM=0
2025-08-01 11:28:52,246 - INFO - CMD_RECV: DATA:0,25.0,0.60,-0.2,0,0,0,0
2025-08-01 11:28:52,246 - INFO - SENSORS: T=25.0°C P=0.6bar W=-0.2g S=IDLE PWM=0
2025-08-01 11:28:52,490 - INFO - CMD_RECV: DATA:0,25.0,0.24,0.7,0,0,0,0
2025-08-01 11:28:52,490 - INFO - SENSORS: T=25.0°C P=0.24bar W=0.7g S=IDLE PWM=0
2025-08-01 11:28:52,741 - INFO - CMD_RECV: DATA:0,25.0,0.43,-0.5,0,0,0,0
2025-08-01 11:28:52,741 - INFO - SENSORS: T=25.0°C P=0.43bar W=-0.5g S=IDLE PWM=0
2025-08-01 11:28:52,989 - INFO - CMD_RECV: DATA:0,25.0,0.47,-0.6,0,0,0,0
2025-08-01 11:28:52,989 - INFO - SENSORS: T=25.0°C P=0.47bar W=-0.6g S=IDLE PWM=0
2025-08-01 11:28:53,239 - INFO - CMD_RECV: DATA:0,25.0,0.16,-0.5,0,0,0,0
2025-08-01 11:28:53,239 - INFO - SENSORS: T=25.0°C P=0.16bar W=-0.5g S=IDLE PWM=0
2025-08-01 11:28:53,487 - INFO - CMD_RECV: DATA:0,25.0,0.70,-0.8,0,0,0,0
2025-08-01 11:28:53,487 - INFO - SENSORS: T=25.0°C P=0.7bar W=-0.8g S=IDLE PWM=0
2025-08-01 11:28:53,751 - INFO - CMD_RECV: DATA:0,25.0,0.30,0.0,0,0,0,0
2025-08-01 11:28:53,751 - INFO - SENSORS: T=25.0°C P=0.3bar W=0.0g S=IDLE PWM=0
2025-08-01 11:28:53,987 - INFO - CMD_RECV: DATA:0,25.0,0.11,0.6,0,0,0,0
2025-08-01 11:28:53,987 - INFO - SENSORS: T=25.0°C P=0.11bar W=0.6g S=IDLE PWM=0
2025-08-01 11:28:54,249 - INFO - CMD_RECV: DATA:0,25.0,0.15,-0.1,0,0,0,0
2025-08-01 11:28:54,249 - INFO - SENSORS: T=25.0°C P=0.15bar W=-0.1g S=IDLE PWM=0
2025-08-01 11:28:54,486 - INFO - CMD_RECV: DATA:0,25.0,0.48,-0.5,0,0,0,0
2025-08-01 11:28:54,486 - INFO - SENSORS: T=25.0°C P=0.48bar W=-0.5g S=IDLE PWM=0
2025-08-01 11:28:54,750 - INFO - CMD_RECV: DATA:0,25.0,0.69,-0.8,0,0,0,0
2025-08-01 11:28:54,750 - INFO - SENSORS: T=25.0°C P=0.69bar W=-0.8g S=IDLE PWM=0
2025-08-01 11:28:54,997 - INFO - CMD_RECV: DATA:0,25.0,0.88,-0.2,0,0,0,0
2025-08-01 11:28:54,997 - INFO - SENSORS: T=25.0°C P=0.88bar W=-0.2g S=IDLE PWM=0
2025-08-01 11:28:55,245 - INFO - CMD_RECV: DATA:0,25.0,0.85,-0.3,0,0,0,0
2025-08-01 11:28:55,245 - INFO - SENSORS: T=25.0°C P=0.85bar W=-0.3g S=IDLE PWM=0
2025-08-01 11:28:55,493 - INFO - CMD_RECV: DATA:0,25.0,0.90,-0.5,0,0,0,0
2025-08-01 11:28:55,494 - INFO - SENSORS: T=25.0°C P=0.9bar W=-0.5g S=IDLE PWM=0
2025-08-01 11:28:55,737 - INFO - CMD_RECV: DATA:0,25.0,0.18,0.6,0,0,0,0
2025-08-01 11:28:55,737 - INFO - SENSORS: T=25.0°C P=0.18bar W=0.6g S=IDLE PWM=0
2025-08-01 11:28:55,992 - INFO - CMD_RECV: DATA:0,25.0,0.34,0.6,0,0,0,0
2025-08-01 11:28:55,993 - INFO - SENSORS: T=25.0°C P=0.34bar W=0.6g S=IDLE PWM=0
2025-08-01 11:28:56,241 - INFO - CMD_RECV: PONG
2025-08-01 11:28:56,241 - INFO - CMD_SENT: Received: PONG
2025-08-01 11:28:56,241 - INFO - CMD_RECV: DATA:0,25.0,0.22,0.8,0,0,0,0
2025-08-01 11:28:56,241 - INFO - SENSORS: T=25.0°C P=0.22bar W=0.8g S=IDLE PWM=0
2025-08-01 11:28:56,491 - INFO - CMD_RECV: DATA:0,25.0,0.62,-0.6,0,0,0,0
2025-08-01 11:28:56,491 - INFO - SENSORS: T=25.0°C P=0.62bar W=-0.6g S=IDLE PWM=0
2025-08-01 11:28:56,737 - INFO - CMD_RECV: DATA:0,25.0,0.60,-0.1,0,0,0,0
2025-08-01 11:28:56,737 - INFO - SENSORS: T=25.0°C P=0.6bar W=-0.1g S=IDLE PWM=0
2025-08-01 11:28:56,989 - INFO - CMD_RECV: DATA:0,25.0,0.10,0.5,0,0,0,0
2025-08-01 11:28:56,989 - INFO - SENSORS: T=25.0°C P=0.1bar W=0.5g S=IDLE PWM=0
2025-08-01 11:28:57,237 - INFO - CMD_RECV: DATA:0,25.0,0.88,1.0,0,0,0,0
2025-08-01 11:28:57,237 - INFO - SENSORS: T=25.0°C P=0.88bar W=1.0g S=IDLE PWM=0
2025-08-01 11:28:57,486 - INFO - CMD_RECV: DATA:0,25.0,0.65,0.7,0,0,0,0
2025-08-01 11:28:57,486 - INFO - SENSORS: T=25.0°C P=0.65bar W=0.7g S=IDLE PWM=0
2025-08-01 11:28:57,744 - INFO - CMD_RECV: DATA:0,25.0,0.34,0.9,0,0,0,0
2025-08-01 11:28:57,744 - INFO - SENSORS: T=25.0°C P=0.34bar W=0.9g S=IDLE PWM=0
2025-08-01 11:28:57,994 - INFO - CMD_RECV: DATA:0,25.0,0.47,0.1,0,0,0,0
2025-08-01 11:28:57,994 - INFO - SENSORS: T=25.0°C P=0.47bar W=0.1g S=IDLE PWM=0
2025-08-01 11:28:58,236 - INFO - CMD_RECV: DATA:0,25.0,0.98,0.7,0,0,0,0
2025-08-01 11:28:58,236 - INFO - SENSORS: T=25.0°C P=0.98bar W=0.7g S=IDLE PWM=0
2025-08-01 11:28:58,487 - INFO - CMD_RECV: DATA:0,25.0,0.71,0.9,0,0,0,0
2025-08-01 11:28:58,487 - INFO - SENSORS: T=25.0°C P=0.71bar W=0.9g S=IDLE PWM=0
2025-08-01 11:28:58,736 - INFO - CMD_RECV: DATA:0,25.0,0.94,0.6,0,0,0,0
2025-08-01 11:28:58,736 - INFO - SENSORS: T=25.0°C P=0.94bar W=0.6g S=IDLE PWM=0
2025-08-01 11:28:58,986 - INFO - CMD_RECV: DATA:0,25.0,0.22,0.3,0,0,0,0
2025-08-01 11:28:58,986 - INFO - SENSORS: T=25.0°C P=0.22bar W=0.3g S=IDLE PWM=0
2025-08-01 11:28:59,235 - INFO - CMD_RECV: DATA:0,25.0,0.02,0.9,0,0,0,0
2025-08-01 11:28:59,235 - INFO - SENSORS: T=25.0°C P=0.02bar W=0.9g S=IDLE PWM=0
2025-08-01 11:28:59,498 - INFO - CMD_RECV: DATA:0,25.0,0.35,0.0,0,0,0,0
2025-08-01 11:28:59,498 - INFO - SENSORS: T=25.0°C P=0.35bar W=0.0g S=IDLE PWM=0
2025-08-01 11:28:59,737 - INFO - CMD_RECV: DATA:0,25.0,0.92,0.2,0,0,0,0
2025-08-01 11:28:59,737 - INFO - SENSORS: T=25.0°C P=0.92bar W=0.2g S=IDLE PWM=0
2025-08-01 11:28:59,997 - INFO - CMD_RECV: DATA:0,25.0,0.06,0.4,0,0,0,0
2025-08-01 11:28:59,997 - INFO - SENSORS: T=25.0°C P=0.06bar W=0.4g S=IDLE PWM=0
2025-08-01 11:29:00,236 - INFO - CMD_RECV: DATA:0,25.0,0.41,-0.1,0,0,0,0
2025-08-01 11:29:00,237 - INFO - SENSORS: T=25.0°C P=0.41bar W=-0.1g S=IDLE PWM=0
2025-08-01 11:29:00,495 - INFO - CMD_RECV: DATA:0,25.0,0.77,-0.8,0,0,0,0
2025-08-01 11:29:00,495 - INFO - SENSORS: T=25.0°C P=0.77bar W=-0.8g S=IDLE PWM=0
2025-08-01 11:29:00,743 - INFO - CMD_RECV: DATA:0,25.0,0.24,-0.2,0,0,0,0
2025-08-01 11:29:00,743 - INFO - SENSORS: T=25.0°C P=0.24bar W=-0.2g S=IDLE PWM=0
2025-08-01 11:29:00,993 - INFO - CMD_RECV: DATA:0,25.0,0.54,0.6,0,0,0,0
2025-08-01 11:29:00,993 - INFO - SENSORS: T=25.0°C P=0.54bar W=0.6g S=IDLE PWM=0
2025-08-01 11:29:01,243 - INFO - CMD_RECV: PONG
2025-08-01 11:29:01,243 - INFO - CMD_SENT: Received: PONG
2025-08-01 11:29:01,243 - INFO - CMD_RECV: DATA:0,25.0,0.29,-0.5,0,0,0,0
2025-08-01 11:29:01,243 - INFO - SENSORS: T=25.0°C P=0.29bar W=-0.5g S=IDLE PWM=0
2025-08-01 11:29:01,490 - INFO - CMD_RECV: DATA:0,25.0,0.08,-1.0,0,0,0,0
2025-08-01 11:29:01,490 - INFO - SENSORS: T=25.0°C P=0.08bar W=-1.0g S=IDLE PWM=0
2025-08-01 11:29:01,737 - INFO - CMD_RECV: DATA:0,25.0,0.44,-0.3,0,0,0,0
2025-08-01 11:29:01,737 - INFO - SENSORS: T=25.0°C P=0.44bar W=-0.3g S=IDLE PWM=0
2025-08-01 11:29:01,987 - INFO - CMD_RECV: DATA:0,25.0,0.67,-0.3,0,0,0,0
2025-08-01 11:29:01,988 - INFO - SENSORS: T=25.0°C P=0.67bar W=-0.3g S=IDLE PWM=0
2025-08-01 11:29:02,237 - INFO - CMD_RECV: DATA:0,25.0,1.00,-0.5,0,0,0,0
2025-08-01 11:29:02,237 - INFO - SENSORS: T=25.0°C P=1.0bar W=-0.5g S=IDLE PWM=0
2025-08-01 11:29:02,487 - INFO - CMD_RECV: DATA:0,25.0,0.86,0.3,0,0,0,0
2025-08-01 11:29:02,487 - INFO - SENSORS: T=25.0°C P=0.86bar W=0.3g S=IDLE PWM=0
2025-08-01 11:29:02,737 - INFO - CMD_RECV: DATA:0,25.0,0.97,-0.3,0,0,0,0
2025-08-01 11:29:02,737 - INFO - SENSORS: T=25.0°C P=0.97bar W=-0.3g S=IDLE PWM=0
2025-08-01 11:29:02,986 - INFO - CMD_RECV: DATA:0,25.0,0.44,0.3,0,0,0,0
2025-08-01 11:29:02,986 - INFO - SENSORS: T=25.0°C P=0.44bar W=0.3g S=IDLE PWM=0
2025-08-01 11:29:03,241 - INFO - CMD_RECV: DATA:0,25.0,0.41,0.2,0,0,0,0
2025-08-01 11:29:03,241 - INFO - SENSORS: T=25.0°C P=0.41bar W=0.2g S=IDLE PWM=0
2025-08-01 11:29:03,486 - INFO - CMD_RECV: DATA:0,25.0,0.04,0.4,0,0,0,0
2025-08-01 11:29:03,486 - INFO - SENSORS: T=25.0°C P=0.04bar W=0.4g S=IDLE PWM=0
2025-08-01 11:29:03,736 - INFO - CMD_RECV: DATA:0,25.0,0.41,-0.2,0,0,0,0
2025-08-01 11:29:03,736 - INFO - SENSORS: T=25.0°C P=0.41bar W=-0.2g S=IDLE PWM=0
2025-08-01 11:29:03,987 - INFO - CMD_RECV: DATA:0,25.0,0.81,-0.9,0,0,0,0
2025-08-01 11:29:03,987 - INFO - SENSORS: T=25.0°C P=0.81bar W=-0.9g S=IDLE PWM=0
2025-08-01 11:29:04,236 - INFO - CMD_RECV: DATA:0,25.0,0.30,-0.7,0,0,0,0
2025-08-01 11:29:04,236 - INFO - SENSORS: T=25.0°C P=0.3bar W=-0.7g S=IDLE PWM=0
2025-08-01 11:29:04,486 - INFO - CMD_RECV: DATA:0,25.0,0.46,0.8,0,0,0,0
2025-08-01 11:29:04,486 - INFO - SENSORS: T=25.0°C P=0.46bar W=0.8g S=IDLE PWM=0
2025-08-01 11:29:04,736 - INFO - CMD_RECV: DATA:0,25.0,0.41,-0.8,0,0,0,0
2025-08-01 11:29:04,736 - INFO - SENSORS: T=25.0°C P=0.41bar W=-0.8g S=IDLE PWM=0
2025-08-01 11:29:04,985 - INFO - CMD_RECV: DATA:0,25.0,0.12,0.2,0,0,0,0
2025-08-01 11:29:04,985 - INFO - SENSORS: T=25.0°C P=0.12bar W=0.2g S=IDLE PWM=0
2025-08-01 11:29:05,243 - INFO - CMD_RECV: DATA:0,25.0,0.10,0.3,0,0,0,0
2025-08-01 11:29:05,244 - INFO - SENSORS: T=25.0°C P=0.1bar W=0.3g S=IDLE PWM=0
2025-08-01 11:29:05,488 - INFO - CMD_RECV: DATA:0,25.0,0.25,1.0,0,0,0,0
2025-08-01 11:29:05,489 - INFO - SENSORS: T=25.0°C P=0.25bar W=1.0g S=IDLE PWM=0
2025-08-01 11:29:05,741 - INFO - CMD_RECV: DATA:0,25.0,0.35,0.7,0,0,0,0
2025-08-01 11:29:05,741 - INFO - SENSORS: T=25.0°C P=0.35bar W=0.7g S=IDLE PWM=0
2025-08-01 11:29:05,986 - INFO - CMD_RECV: DATA:0,25.0,0.78,0.7,0,0,0,0
2025-08-01 11:29:05,986 - INFO - SENSORS: T=25.0°C P=0.78bar W=0.7g S=IDLE PWM=0
2025-08-01 11:29:06,239 - INFO - CMD_RECV: PONG
2025-08-01 11:29:06,239 - INFO - CMD_SENT: Received: PONG
2025-08-01 11:29:06,239 - INFO - CMD_RECV: DATA:0,25.0,0.08,0.5,0,0,0,0
2025-08-01 11:29:06,239 - INFO - SENSORS: T=25.0°C P=0.08bar W=0.5g S=IDLE PWM=0
2025-08-01 11:29:06,487 - INFO - CMD_RECV: DATA:0,25.0,0.26,-0.4,0,0,0,0
2025-08-01 11:29:06,487 - INFO - SENSORS: T=25.0°C P=0.26bar W=-0.4g S=IDLE PWM=0
2025-08-01 11:29:06,736 - INFO - CMD_RECV: DATA:0,25.0,0.66,0.2,0,0,0,0
2025-08-01 11:29:06,736 - INFO - SENSORS: T=25.0°C P=0.66bar W=0.2g S=IDLE PWM=0
2025-08-01 11:29:07,001 - INFO - CMD_RECV: DATA:0,25.0,0.36,0.5,0,0,0,0
2025-08-01 11:29:07,001 - INFO - SENSORS: T=25.0°C P=0.36bar W=0.5g S=IDLE PWM=0
2025-08-01 11:29:07,260 - INFO - CMD_SENT: Initiating shutdown
